# JRE version: OpenJDK Runtime Environment (8.0_252-b09) (build 1.8.0_252-b09)
# Java VM: OpenJDK 64-Bit Server VM (25.252-b09 mixed mode linux-amd64 compressed oops)
Heap:
 PSYoungGen      total 601088K, used 20623K [0x0000000580100000, 0x00000005a9f80000, 0x0000000800000000)
  eden space 515584K, 4% used [0x0000000580100000,0x0000000581523e60,0x000000059f880000)
  from space 85504K, 0% used [0x00000005a4c00000,0x00000005a4c00000,0x00000005a9f80000)
  to   space 85504K, 0% used [0x000000059f880000,0x000000059f880000,0x00000005a4c00000)
 ParOldGen       total 1373696K, used 814K [0x0000000080200000, 0x00000000d3f80000, 0x0000000580100000)
  object space 1373696K, 0% used [0x0000000080200000,0x00000000802cbaf0,0x00000000d3f80000)
 Metaspace       used 3785K, capacity 4494K, committed 4864K, reserved 1056768K
  class space    used 367K, capacity 386K, committed 512K, reserved 1048576K
GC Heap History (152 events):
Event: 3.285 GC heap before
{Heap before GC invocations=1 (full 0):
 PSYoungGen      total 601088K, used 30935K [0x0000000580100000, 0x00000005a9f80000, 0x0000000800000000)
  eden space 515584K, 6% used [0x0000000580100000,0x0000000581f35c68,0x000000059f880000)
  from space 85504K, 0% used [0x00000005a4c00000,0x00000005a4c00000,0x00000005a9f80000)
  to   space 85504K, 0% used [0x000000059f880000,0x000000059f880000,0x00000005a4c00000)
 ParOldGen       total 1373696K, used 0K [0x0000000080200000, 0x00000000d3f80000, 0x0000000580100000)
  object space 1373696K, 0% used [0x0000000080200000,0x0000000080200000,0x00000000d3f80000)
 Metaspace       used 3728K, capacity 4486K, committed 4864K, reserved 1056768K
  class space    used 365K, capacity 386K, committed 512K, reserved 1048576K
Event: 3.290 GC heap after
Heap after GC invocations=1 (full 0):
 PSYoungGen      total 601088K, used 928K [0x0000000580100000, 0x00000005a9f80000, 0x0000000800000000)
  eden space 515584K, 0% used [0x0000000580100000,0x0000000580100000,0x000000059f880000)
  from space 85504K, 1% used [0x000000059f880000,0x000000059f968000,0x00000005a4c00000)
  to   space 85504K, 0% used [0x00000005a4c00000,0x00000005a4c00000,0x00000005a9f80000)
 ParOldGen       total 1373696K, used 8K [0x0000000080200000, 0x00000000d3f80000, 0x0000000580100000)
  object space 1373696K, 0% used [0x0000000080200000,0x0000000080202000,0x00000000d3f80000)
 Metaspace       used 3728K, capacity 4486K, committed 4864K, reserved 1056768K
  class space    used 365K, capacity 386K, committed 512K, reserved 1048576K
}
Event: 3.291 GC heap before
{Heap before GC invocations=2 (full 1):
 PSYoungGen      total 601088K, used 928K [0x0000000580100000, 0x00000005a9f80000, 0x0000000800000000)
  eden space 515584K, 0% used [0x0000000580100000,0x0000000580100000,0x000000059f880000)
  from space 85504K, 1% used [0x000000059f880000,0x000000059f968000,0x00000005a4c00000)
  to   space 85504K, 0% used [0x00000005a4c00000,0x00000005a4c00000,0x00000005a9f80000)
 ParOldGen       total 1373696K, used 8K [0x0000000080200000, 0x00000000d3f80000, 0x0000000580100000)
  object space 1373696K, 0% used [0x0000000080200000,0x0000000080202000,0x00000000d3f80000)
 Metaspace       used 3728K, capacity 4486K, committed 4864K, reserved 1056768K
  class space    used 365K, capacity 386K, committed 512K, reserved 1048576K
Event: 3.306 GC heap after
Heap after GC invocations=2 (full 1):
 PSYoungGen      total 601088K, used 0K [0x0000000580100000, 0x00000005a9f80000, 0x0000000800000000)
  eden space 515584K, 0% used [0x0000000580100000,0x0000000580100000,0x000000059f880000)
  from space 85504K, 0% used [0x000000059f880000,0x000000059f880000,0x00000005a4c00000)
  to   space 85504K, 0% used [0x00000005a4c00000,0x00000005a4c00000,0x00000005a9f80000)
 ParOldGen       total 1373696K, used 424K [0x0000000080200000, 0x00000000d3f80000, 0x0000000580100000)
  object space 1373696K, 0% used [0x0000000080200000,0x000000008026a1b0,0x00000000d3f80000)
 Metaspace       used 3728K, capacity 4486K, committed 4864K, reserved 1056768K
  class space    used 365K, capacity 386K, committed 512K, reserved 1048576K
}
Event: 37.577 GC heap before
{Heap before GC invocations=3 (full 1):
 PSYoungGen      total 601088K, used 10311K [0x0000000580100000, 0x00000005a9f80000, 0x0000000800000000)
  eden space 515584K, 2% used [0x0000000580100000,0x0000000580b11ec8,0x000000059f880000)
  from space 85504K, 0% used [0x000000059f880000,0x000000059f880000,0x00000005a4c00000)
  to   space 85504K, 0% used [0x00000005a4c00000,0x00000005a4c00000,0x00000005a9f80000)
 ParOldGen       total 1373696K, used 424K [0x0000000080200000, 0x00000000d3f80000, 0x0000000580100000)
  object space 1373696K, 0% used [0x0000000080200000,0x000000008026a1b0,0x00000000d3f80000)
 Metaspace       used 3732K, capacity 4490K, committed 4864K, reserved 1056768K
  class space    used 366K, capacity 386K, committed 512K, reserved 1048576K
Event: 37.582 GC heap after
Heap after GC invocations=3 (full 1):
 PSYoungGen      total 601088K, used 96K [0x0000000580100000, 0x00000005a9f80000, 0x0000000800000000)
  eden space 515584K, 0% used [0x0000000580100000,0x0000000580100000,0x000000059f880000)
  from space 85504K, 0% used [0x00000005a4c00000,0x00000005a4c18000,0x00000005a9f80000)
  to   space 85504K, 0% used [0x000000059f880000,0x000000059f880000,0x00000005a4c00000)
 ParOldGen       total 1373696K, used 424K [0x0000000080200000, 0x00000000d3f80000, 0x0000000580100000)
  object space 1373696K, 0% used [0x0000000080200000,0x000000008026a1b0,0x00000000d3f80000)
 Metaspace       used 3732K, capacity 4490K, committed 4864K, reserved 1056768K
  class space    used 366K, capacity 386K, committed 512K, reserved 1048576K
}
Event: 37.582 GC heap before
{Heap before GC invocations=4 (full 2):
 PSYoungGen      total 601088K, used 96K [0x0000000580100000, 0x00000005a9f80000, 0x0000000800000000)
  eden space 515584K, 0% used [0x0000000580100000,0x0000000580100000,0x000000059f880000)
  from space 85504K, 0% used [0x00000005a4c00000,0x00000005a4c18000,0x00000005a9f80000)
  to   space 85504K, 0% used [0x000000059f880000,0x000000059f880000,0x00000005a4c00000)
 ParOldGen       total 1373696K, used 424K [0x0000000080200000, 0x00000000d3f80000, 0x0000000580100000)
  object space 1373696K, 0% used [0x0000000080200000,0x000000008026a1b0,0x00000000d3f80000)
 Metaspace       used 3732K, capacity 4490K, committed 4864K, reserved 1056768K
  class space    used 366K, capacity 386K, committed 512K, reserved 1048576K
Event: 37.599 GC heap after
Heap after GC invocations=4 (full 2):
 PSYoungGen      total 601088K, used 0K [0x0000000580100000, 0x00000005a9f80000, 0x0000000800000000)
  eden space 515584K, 0% used [0x0000000580100000,0x0000000580100000,0x000000059f880000)
  from space 85504K, 0% used [0x00000005a4c00000,0x00000005a4c00000,0x00000005a9f80000)
  to   space 85504K, 0% used [0x000000059f880000,0x000000059f880000,0x00000005a4c00000)
 ParOldGen       total 1373696K, used 424K [0x0000000080200000, 0x00000000d3f80000, 0x0000000580100000)
  object space 1373696K, 0% used [0x0000000080200000,0x000000008026a0a8,0x00000000d3f80000)
 Metaspace       used 3732K, capacity 4490K, committed 4864K, reserved 1056768K
  class space    used 366K, capacity 386K, committed 512K, reserved 1048576K
}
Event: 81.523 GC heap before
{Heap before GC invocations=5 (full 2):
 PSYoungGen      total 601088K, used 10311K [0x0000000580100000, 0x00000005a9f80000, 0x0000000800000000)
  eden space 515584K, 2% used [0x0000000580100000,0x0000000580b11ef8,0x000000059f880000)
  from space 85504K, 0% used [0x00000005a4c00000,0x00000005a4c00000,0x00000005a9f80000)
  to   space 85504K, 0% used [0x000000059f880000,0x000000059f880000,0x00000005a4c00000)
 ParOldGen       total 1373696K, used 424K [0x0000000080200000, 0x00000000d3f80000, 0x0000000580100000)
  object space 1373696K, 0% used [0x0000000080200000,0x000000008026a0a8,0x00000000d3f80000)
 Metaspace       used 3734K, capacity 4490K, committed 4864K, reserved 1056768K
  class space    used 366K, capacity 386K, committed 512K, reserved 1048576K
Event: 81.527 GC heap after
Heap after GC invocations=5 (full 2):
 PSYoungGen      total 601088K, used 32K [0x0000000580100000, 0x00000005a9f80000, 0x0000000800000000)
  eden space 515584K, 0% used [0x0000000580100000,0x0000000580100000,0x000000059f880000)
  from space 85504K, 0% used [0x000000059f880000,0x000000059f888000,0x00000005a4c00000)
  to   space 85504K, 0% used [0x00000005a4c00000,0x00000005a4c00000,0x00000005a9f80000)
 ParOldGen       total 1373696K, used 424K [0x0000000080200000, 0x00000000d3f80000, 0x0000000580100000)
  object space 1373696K, 0% used [0x0000000080200000,0x000000008026a0a8,0x00000000d3f80000)
 Metaspace       used 3734K, capacity 4490K, committed 4864K, reserved 1056768K
  class space    used 366K, capacity 386K, committed 512K, reserved 1048576K
}
Event: 81.527 GC heap before
{Heap before GC invocations=6 (full 3):
 PSYoungGen      total 601088K, used 32K [0x0000000580100000, 0x00000005a9f80000, 0x0000000800000000)
  eden space 515584K, 0% used [0x0000000580100000,0x0000000580100000,0x000000059f880000)
  from space 85504K, 0% used [0x000000059f880000,0x000000059f888000,0x00000005a4c00000)
  to   space 85504K, 0% used [0x00000005a4c00000,0x00000005a4c00000,0x00000005a9f80000)
 ParOldGen       total 1373696K, used 424K [0x0000000080200000, 0x00000000d3f80000, 0x0000000580100000)
  object space 1373696K, 0% used [0x0000000080200000,0x000000008026a0a8,0x00000000d3f80000)
 Metaspace       used 3734K, capacity 4490K, committed 4864K, reserved 1056768K
  class space    used 366K, capacity 386K, committed 512K, reserved 1048576K
Event: 81.541 GC heap after
Heap after GC invocations=6 (full 3):
 PSYoungGen      total 601088K, used 0K [0x0000000580100000, 0x00000005a9f80000, 0x0000000800000000)
  eden space 515584K, 0% used [0x0000000580100000,0x0000000580100000,0x000000059f880000)
  from space 85504K, 0% used [0x000000059f880000,0x000000059f880000,0x00000005a4c00000)
  to   space 85504K, 0% used [0x00000005a4c00000,0x00000005a4c00000,0x00000005a9f80000)
 ParOldGen       total 1373696K, used 423K [0x0000000080200000, 0x00000000d3f80000, 0x0000000580100000)
  object space 1373696K, 0% used [0x0000000080200000,0x0000000080269fc0,0x00000000d3f80000)
 Metaspace       used 3734K, capacity 4490K, committed 4864K, reserved 1056768K
  class space    used 366K, capacity 386K, committed 512K, reserved 1048576K
}
Event: 96.990 GC heap before
{Heap before GC invocations=7 (full 3):
 PSYoungGen      total 601088K, used 10311K [0x0000000580100000, 0x00000005a9f80000, 0x0000000800000000)
  eden space 515584K, 2% used [0x0000000580100000,0x0000000580b11ef8,0x000000059f880000)
  from space 85504K, 0% used [0x000000059f880000,0x000000059f880000,0x00000005a4c00000)
  to   space 85504K, 0% used [0x00000005a4c00000,0x00000005a4c00000,0x00000005a9f80000)
 ParOldGen       total 1373696K, used 423K [0x0000000080200000, 0x00000000d3f80000, 0x0000000580100000)
  object space 1373696K, 0% used [0x0000000080200000,0x0000000080269fc0,0x00000000d3f80000)
 Metaspace       used 3734K, capacity 4490K, committed 4864K, reserved 1056768K
  class space    used 366K, capacity 386K, committed 512K, reserved 1048576K
Event: 96.994 GC heap after
Heap after GC invocations=7 (full 3):
 PSYoungGen      total 601088K, used 32K [0x0000000580100000, 0x00000005a9f80000, 0x0000000800000000)
  eden space 515584K, 0% used [0x0000000580100000,0x0000000580100000,0x000000059f880000)
  from space 85504K, 0% used [0x00000005a4c00000,0x00000005a4c08000,0x00000005a9f80000)
  to   space 85504K, 0% used [0x000000059f880000,0x000000059f880000,0x00000005a4c00000)
 ParOldGen       total 1373696K, used 423K [0x0000000080200000, 0x00000000d3f80000, 0x0000000580100000)
  object space 1373696K, 0% used [0x0000000080200000,0x0000000080269fc0,0x00000000d3f80000)
 Metaspace       used 3734K, capacity 4490K, committed 4864K, reserved 1056768K
  class space    used 366K, capacity 386K, committed 512K, reserved 1048576K
}
Event: 96.994 GC heap before
{Heap before GC invocations=8 (full 4):
 PSYoungGen      total 601088K, used 32K [0x0000000580100000, 0x00000005a9f80000, 0x0000000800000000)
  eden space 515584K, 0% used [0x0000000580100000,0x0000000580100000,0x000000059f880000)
  from space 85504K, 0% used [0x00000005a4c00000,0x00000005a4c08000,0x00000005a9f80000)
  to   space 85504K, 0% used [0x000000059f880000,0x000000059f880000,0x00000005a4c00000)
 ParOldGen       total 1373696K, used 423K [0x0000000080200000, 0x00000000d3f80000, 0x0000000580100000)
  object space 1373696K, 0% used [0x0000000080200000,0x0000000080269fc0,0x00000000d3f80000)
 Metaspace       used 3734K, capacity 4490K, committed 4864K, reserved 1056768K
  class space    used 366K, capacity 386K, committed 512K, reserved 1048576K
Event: 97.011 GC heap after
Heap after GC invocations=8 (full 4):
 PSYoungGen      total 601088K, used 0K [0x0000000580100000, 0x00000005a9f80000, 0x0000000800000000)
  eden space 515584K, 0% used [0x0000000580100000,0x0000000580100000,0x000000059f880000)
  from space 85504K, 0% used [0x00000005a4c00000,0x00000005a4c00000,0x00000005a9f80000)
  to   space 85504K, 0% used [0x000000059f880000,0x000000059f880000,0x00000005a4c00000)
 ParOldGen       total 1373696K, used 423K [0x0000000080200000, 0x00000000d3f80000, 0x0000000580100000)
  object space 1373696K, 0% used [0x0000000080200000,0x0000000080269fc0,0x00000000d3f80000)
 Metaspace       used 3734K, capacity 4490K, committed 4864K, reserved 1056768K
  class space    used 366K, capacity 386K, committed 512K, reserved 1048576K
}
Event: 138.878 GC heap before
{Heap before GC invocations=9 (full 4):
 PSYoungGen      total 601088K, used 10311K [0x0000000580100000, 0x00000005a9f80000, 0x0000000800000000)
  eden space 515584K, 2% used [0x0000000580100000,0x0000000580b11ef8,0x000000059f880000)
  from space 85504K, 0% used [0x00000005a4c00000,0x00000005a4c00000,0x00000005a9f80000)
  to   space 85504K, 0% used [0x000000059f880000,0x000000059f880000,0x00000005a4c00000)
 ParOldGen       total 1373696K, used 423K [0x0000000080200000, 0x00000000d3f80000, 0x0000000580100000)
  object space 1373696K, 0% used [0x0000000080200000,0x0000000080269fc0,0x00000000d3f80000)
 Metaspace       used 3741K, capacity 4490K, committed 4864K, reserved 1056768K
  class space    used 366K, capacity 386K, committed 512K, reserved 1048576K
Event: 138.881 GC heap after
Heap after GC invocations=9 (full 4):
 PSYoungGen      total 601088K, used 32K [0x0000000580100000, 0x00000005a9f80000, 0x0000000800000000)
  eden space 515584K, 0% used [0x0000000580100000,0x0000000580100000,0x000000059f880000)
  from space 85504K, 0% used [0x000000059f880000,0x000000059f888000,0x00000005a4c00000)
  to   space 85504K, 0% used [0x00000005a4c00000,0x00000005a4c00000,0x00000005a9f80000)
 ParOldGen       total 1373696K, used 423K [0x0000000080200000, 0x00000000d3f80000, 0x0000000580100000)
  object space 1373696K, 0% used [0x0000000080200000,0x0000000080269fc0,0x00000000d3f80000)
 Metaspace       used 3741K, capacity 4490K, committed 4864K, reserved 1056768K
  class space    used 366K, capacity 386K, committed 512K, reserved 1048576K
}
Event: 138.881 GC heap before
{Heap before GC invocations=10 (full 5):
 PSYoungGen      total 601088K, used 32K [0x0000000580100000, 0x00000005a9f80000, 0x0000000800000000)
  eden space 515584K, 0% used [0x0000000580100000,0x0000000580100000,0x000000059f880000)
  from space 85504K, 0% used [0x000000059f880000,0x000000059f888000,0x00000005a4c00000)
  to   space 85504K, 0% used [0x00000005a4c00000,0x00000005a4c00000,0x00000005a9f80000)
 ParOldGen       total 1373696K, used 423K [0x0000000080200000, 0x00000000d3f80000, 0x0000000580100000)
  object space 1373696K, 0% used [0x0000000080200000,0x0000000080269fc0,0x00000000d3f80000)
 Metaspace       used 3741K, capacity 4490K, committed 4864K, reserved 1056768K
  class space    used 366K, capacity 386K, committed 512K, reserved 1048576K
Event: 138.896 GC heap after
Heap after GC invocations=10 (full 5):
 PSYoungGen      total 601088K, used 0K [0x0000000580100000, 0x00000005a9f80000, 0x0000000800000000)
  eden space 515584K, 0% used [0x0000000580100000,0x0000000580100000,0x000000059f880000)
  from space 85504K, 0% used [0x000000059f880000,0x000000059f880000,0x00000005a4c00000)
  to   space 85504K, 0% used [0x00000005a4c00000,0x00000005a4c00000,0x00000005a9f80000)
 ParOldGen       total 1373696K, used 427K [0x0000000080200000, 0x00000000d3f80000, 0x0000000580100000)
  object space 1373696K, 0% used [0x0000000080200000,0x000000008026add0,0x00000000d3f80000)
 Metaspace       used 3741K, capacity 4490K, committed 4864K, reserved 1056768K
  class space    used 366K, capacity 386K, committed 512K, reserved 1048576K
}
Event: 174.266 GC heap before
{Heap before GC invocations=11 (full 5):
 PSYoungGen      total 601088K, used 10311K [0x0000000580100000, 0x00000005a9f80000, 0x0000000800000000)
  eden space 515584K, 2% used [0x0000000580100000,0x0000000580b11ef8,0x000000059f880000)
  from space 85504K, 0% used [0x000000059f880000,0x000000059f880000,0x00000005a4c00000)
  to   space 85504K, 0% used [0x00000005a4c00000,0x00000005a4c00000,0x00000005a9f80000)
 ParOldGen       total 1373696K, used 427K [0x0000000080200000, 0x00000000d3f80000, 0x0000000580100000)
  object space 1373696K, 0% used [0x0000000080200000,0x000000008026add0,0x00000000d3f80000)
 Metaspace       used 3742K, capacity 4490K, committed 4864K, reserved 1056768K
  class space    used 366K, capacity 386K, committed 512K, reserved 1048576K
Event: 174.270 GC heap after
Heap after GC invocations=11 (full 5):
 PSYoungGen      total 601088K, used 32K [0x0000000580100000, 0x00000005a9f80000, 0x0000000800000000)
  eden space 515584K, 0% used [0x0000000580100000,0x0000000580100000,0x000000059f880000)
  from space 85504K, 0% used [0x00000005a4c00000,0x00000005a4c08000,0x00000005a9f80000)
  to   space 85504K, 0% used [0x000000059f880000,0x000000059f880000,0x00000005a4c00000)
 ParOldGen       total 1373696K, used 427K [0x0000000080200000, 0x00000000d3f80000, 0x0000000580100000)
  object space 1373696K, 0% used [0x0000000080200000,0x000000008026add0,0x00000000d3f80000)
 Metaspace       used 3742K, capacity 4490K, committed 4864K, reserved 1056768K
  class space    used 366K, capacity 386K, committed 512K, reserved 1048576K
}
Event: 174.270 GC heap before
{Heap before GC invocations=12 (full 6):
 PSYoungGen      total 601088K, used 32K [0x0000000580100000, 0x00000005a9f80000, 0x0000000800000000)
  eden space 515584K, 0% used [0x0000000580100000,0x0000000580100000,0x000000059f880000)
  from space 85504K, 0% used [0x00000005a4c00000,0x00000005a4c08000,0x00000005a9f80000)
  to   space 85504K, 0% used [0x000000059f880000,0x000000059f880000,0x00000005a4c00000)
 ParOldGen       total 1373696K, used 427K [0x0000000080200000, 0x00000000d3f80000, 0x0000000580100000)
  object space 1373696K, 0% used [0x0000000080200000,0x000000008026add0,0x00000000d3f80000)
 Metaspace       used 3742K, capacity 4490K, committed 4864K, reserved 1056768K
  class space    used 366K, capacity 386K, committed 512K, reserved 1048576K
Event: 174.286 GC heap after
Heap after GC invocations=12 (full 6):
 PSYoungGen      total 601088K, used 0K [0x0000000580100000, 0x00000005a9f80000, 0x0000000800000000)
  eden space 515584K, 0% used [0x0000000580100000,0x0000000580100000,0x000000059f880000)
  from space 85504K, 0% used [0x00000005a4c00000,0x00000005a4c00000,0x00000005a9f80000)
  to   space 85504K, 0% used [0x000000059f880000,0x000000059f880000,0x00000005a4c00000)
 ParOldGen       total 1373696K, used 427K [0x0000000080200000, 0x00000000d3f80000, 0x0000000580100000)
  object space 1373696K, 0% used [0x0000000080200000,0x000000008026add0,0x00000000d3f80000)
 Metaspace       used 3742K, capacity 4490K, committed 4864K, reserved 1056768K
  class space    used 366K, capacity 386K, committed 512K, reserved 1048576K
}
Event: 190.263 GC heap before
{Heap before GC invocations=13 (full 6):
 PSYoungGen      total 601088K, used 20623K [0x0000000580100000, 0x00000005a9f80000, 0x0000000800000000)
  eden space 515584K, 4% used [0x0000000580100000,0x0000000581523dc0,0x000000059f880000)
  from space 85504K, 0% used [0x00000005a4c00000,0x00000005a4c00000,0x00000005a9f80000)
  to   space 85504K, 0% used [0x000000059f880000,0x000000059f880000,0x00000005a4c00000)
 ParOldGen       total 1373696K, used 427K [0x0000000080200000, 0x00000000d3f80000, 0x0000000580100000)
  object space 1373696K, 0% used [0x0000000080200000,0x000000008026add0,0x00000000d3f80000)
 Metaspace       used 3744K, capacity 4490K, committed 4864K, reserved 1056768K
  class space    used 366K, capacity 386K, committed 512K, reserved 1048576K
Event: 190.267 GC heap after
Heap after GC invocations=13 (full 6):
 PSYoungGen      total 601088K, used 32K [0x0000000580100000, 0x00000005a9f80000, 0x0000000800000000)
  eden space 515584K, 0% used [0x0000000580100000,0x0000000580100000,0x000000059f880000)
  from space 85504K, 0% used [0x000000059f880000,0x000000059f888000,0x00000005a4c00000)
  to   space 85504K, 0% used [0x00000005a4c00000,0x00000005a4c00000,0x00000005a9f80000)
 ParOldGen       total 1373696K, used 435K [0x0000000080200000, 0x00000000d3f80000, 0x0000000580100000)
  object space 1373696K, 0% used [0x0000000080200000,0x000000008026cdd0,0x00000000d3f80000)
 Metaspace       used 3744K, capacity 4490K, committed 4864K, reserved 1056768K
  class space    used 366K, capacity 386K, committed 512K, reserved 1048576K
}
Event: 190.267 GC heap before
{Heap before GC invocations=14 (full 7):
 PSYoungGen      total 601088K, used 32K [0x0000000580100000, 0x00000005a9f80000, 0x0000000800000000)
  eden space 515584K, 0% used [0x0000000580100000,0x0000000580100000,0x000000059f880000)
  from space 85504K, 0% used [0x000000059f880000,0x000000059f888000,0x00000005a4c00000)
  to   space 85504K, 0% used [0x00000005a4c00000,0x00000005a4c00000,0x00000005a9f80000)
 ParOldGen       total 1373696K, used 435K [0x0000000080200000, 0x00000000d3f80000, 0x0000000580100000)
  object space 1373696K, 0% used [0x0000000080200000,0x000000008026cdd0,0x00000000d3f80000)
 Metaspace       used 3744K, capacity 4490K, committed 4864K, reserved 1056768K
  class space    used 366K, capacity 386K, committed 512K, reserved 1048576K
Event: 190.281 GC heap after
Heap after GC invocations=14 (full 7):
 PSYoungGen      total 601088K, used 0K [0x0000000580100000, 0x00000005a9f80000, 0x0000000800000000)
  eden space 515584K, 0% used [0x0000000580100000,0x0000000580100000,0x000000059f880000)
  from space 85504K, 0% used [0x000000059f880000,0x000000059f880000,0x00000005a4c00000)
  to   space 85504K, 0% used [0x00000005a4c00000,0x00000005a4c00000,0x00000005a9f80000)
 ParOldGen       total 1373696K, used 427K [0x0000000080200000, 0x00000000d3f80000, 0x0000000580100000)
  object space 1373696K, 0% used [0x0000000080200000,0x000000008026ae70,0x00000000d3f80000)
 Metaspace       used 3744K, capacity 4490K, committed 4864K, reserved 1056768K
  class space    used 366K, capacity 386K, committed 512K, reserved 1048576K
}
Event: 201.809 GC heap before
{Heap before GC invocations=15 (full 7):
 PSYoungGen      total 601088K, used 10311K [0x0000000580100000, 0x00000005a9f80000, 0x0000000800000000)
  eden space 515584K, 2% used [0x0000000580100000,0x0000000580b11ef8,0x000000059f880000)
  from space 85504K, 0% used [0x000000059f880000,0x000000059f880000,0x00000005a4c00000)
  to   space 85504K, 0% used [0x00000005a4c00000,0x00000005a4c00000,0x00000005a9f80000)
 ParOldGen       total 1373696K, used 427K [0x0000000080200000, 0x00000000d3f80000, 0x0000000580100000)
  object space 1373696K, 0% used [0x0000000080200000,0x000000008026ae70,0x00000000d3f80000)
 Metaspace       used 3747K, capacity 4494K, committed 4864K, reserved 1056768K
  class space    used 366K, capacity 386K, committed 512K, reserved 1048576K
Event: 201.814 GC heap after
Heap after GC invocations=15 (full 7):
 PSYoungGen      total 601088K, used 32K [0x0000000580100000, 0x00000005a9f80000, 0x0000000800000000)
  eden space 515584K, 0% used [0x0000000580100000,0x0000000580100000,0x000000059f880000)
  from space 85504K, 0% used [0x00000005a4c00000,0x00000005a4c08000,0x00000005a9f80000)
  to   space 85504K, 0% used [0x000000059f880000,0x000000059f880000,0x00000005a4c00000)
 ParOldGen       total 1373696K, used 427K [0x0000000080200000, 0x00000000d3f80000, 0x0000000580100000)
  object space 1373696K, 0% used [0x0000000080200000,0x000000008026ae70,0x00000000d3f80000)
 Metaspace       used 3747K, capacity 4494K, committed 4864K, reserved 1056768K
  class space    used 366K, capacity 386K, committed 512K, reserved 1048576K
}
Event: 201.814 GC heap before
{Heap before GC invocations=16 (full 8):
 PSYoungGen      total 601088K, used 32K [0x0000000580100000, 0x00000005a9f80000, 0x0000000800000000)
  eden space 515584K, 0% used [0x0000000580100000,0x0000000580100000,0x000000059f880000)
  from space 85504K, 0% used [0x00000005a4c00000,0x00000005a4c08000,0x00000005a9f80000)
  to   space 85504K, 0% used [0x000000059f880000,0x000000059f880000,0x00000005a4c00000)
 ParOldGen       total 1373696K, used 427K [0x0000000080200000, 0x00000000d3f80000, 0x0000000580100000)
  object space 1373696K, 0% used [0x0000000080200000,0x000000008026ae70,0x00000000d3f80000)
 Metaspace       used 3747K, capacity 4494K, committed 4864K, reserved 1056768K
  class space    used 366K, capacity 386K, committed 512K, reserved 1048576K
Event: 201.831 GC heap after
Heap after GC invocations=16 (full 8):
 PSYoungGen      total 601088K, used 0K [0x0000000580100000, 0x00000005a9f80000, 0x0000000800000000)
  eden space 515584K, 0% used [0x0000000580100000,0x0000000580100000,0x000000059f880000)
  from space 85504K, 0% used [0x00000005a4c00000,0x00000005a4c00000,0x00000005a9f80000)
  to   space 85504K, 0% used [0x000000059f880000,0x000000059f880000,0x00000005a4c00000)
 ParOldGen       total 1373696K, used 427K [0x0000000080200000, 0x00000000d3f80000, 0x0000000580100000)
  object space 1373696K, 0% used [0x0000000080200000,0x000000008026ae70,0x00000000d3f80000)
 Metaspace       used 3747K, capacity 4494K, committed 4864K, reserved 1056768K
  class space    used 366K, capacity 386K, committed 512K, reserved 1048576K
}
Event: 248.855 GC heap before
{Heap before GC invocations=17 (full 8):
 PSYoungGen      total 601088K, used 10311K [0x0000000580100000, 0x00000005a9f80000, 0x0000000800000000)
  eden space 515584K, 2% used [0x0000000580100000,0x0000000580b11ef8,0x000000059f880000)
  from space 85504K, 0% used [0x00000005a4c00000,0x00000005a4c00000,0x00000005a9f80000)
  to   space 85504K, 0% used [0x000000059f880000,0x000000059f880000,0x00000005a4c00000)
 ParOldGen       total 1373696K, used 427K [0x0000000080200000, 0x00000000d3f80000, 0x0000000580100000)
  object space 1373696K, 0% used [0x0000000080200000,0x000000008026ae70,0x00000000d3f80000)
 Metaspace       used 3757K, capacity 4494K, committed 4864K, reserved 1056768K
  class space    used 366K, capacity 386K, committed 512K, reserved 1048576K
Event: 248.859 GC heap after
Heap after GC invocations=17 (full 8):
 PSYoungGen      total 601088K, used 32K [0x0000000580100000, 0x00000005a9f80000, 0x0000000800000000)
  eden space 515584K, 0% used [0x0000000580100000,0x0000000580100000,0x000000059f880000)
  from space 85504K, 0% used [0x000000059f880000,0x000000059f888000,0x00000005a4c00000)
  to   space 85504K, 0% used [0x00000005a4c00000,0x00000005a4c00000,0x00000005a9f80000)
 ParOldGen       total 1373696K, used 427K [0x0000000080200000, 0x00000000d3f80000, 0x0000000580100000)
  object space 1373696K, 0% used [0x0000000080200000,0x000000008026ae70,0x00000000d3f80000)
 Metaspace       used 3757K, capacity 4494K, committed 4864K, reserved 1056768K
  class space    used 366K, capacity 386K, committed 512K, reserved 1048576K
}
Event: 248.859 GC heap before
{Heap before GC invocations=18 (full 9):
 PSYoungGen      total 601088K, used 32K [0x0000000580100000, 0x00000005a9f80000, 0x0000000800000000)
  eden space 515584K, 0% used [0x0000000580100000,0x0000000580100000,0x000000059f880000)
  from space 85504K, 0% used [0x000000059f880000,0x000000059f888000,0x00000005a4c00000)
  to   space 85504K, 0% used [0x00000005a4c00000,0x00000005a4c00000,0x00000005a9f80000)
 ParOldGen       total 1373696K, used 427K [0x0000000080200000, 0x00000000d3f80000, 0x0000000580100000)
  object space 1373696K, 0% used [0x0000000080200000,0x000000008026ae70,0x00000000d3f80000)
 Metaspace       used 3757K, capacity 4494K, committed 4864K, reserved 1056768K
  class space    used 366K, capacity 386K, committed 512K, reserved 1048576K
Event: 248.877 GC heap after
Heap after GC invocations=18 (full 9):
 PSYoungGen      total 601088K, used 0K [0x0000000580100000, 0x00000005a9f80000, 0x0000000800000000)
  eden space 515584K, 0% used [0x0000000580100000,0x0000000580100000,0x000000059f880000)
  from space 85504K, 0% used [0x000000059f880000,0x000000059f880000,0x00000005a4c00000)
  to   space 85504K, 0% used [0x00000005a4c00000,0x00000005a4c00000,0x00000005a9f80000)
 ParOldGen       total 1373696K, used 427K [0x0000000080200000, 0x00000000d3f80000, 0x0000000580100000)
  object space 1373696K, 0% used [0x0000000080200000,0x000000008026ae70,0x00000000d3f80000)
 Metaspace       used 3757K, capacity 4494K, committed 4864K, reserved 1056768K
  class space    used 366K, capacity 386K, committed 512K, reserved 1048576K
}
Event: 251.305 GC heap before
{Heap before GC invocations=19 (full 9):
 PSYoungGen      total 601088K, used 10311K [0x0000000580100000, 0x00000005a9f80000, 0x0000000800000000)
  eden space 515584K, 2% used [0x0000000580100000,0x0000000580b11ef8,0x000000059f880000)
  from space 85504K, 0% used [0x000000059f880000,0x000000059f880000,0x00000005a4c00000)
  to   space 85504K, 0% used [0x00000005a4c00000,0x00000005a4c00000,0x00000005a9f80000)
 ParOldGen       total 1373696K, used 427K [0x0000000080200000, 0x00000000d3f80000, 0x0000000580100000)
  object space 1373696K, 0% used [0x0000000080200000,0x000000008026ae70,0x00000000d3f80000)
 Metaspace       used 3757K, capacity 4494K, committed 4864K, reserved 1056768K
  class space    used 366K, capacity 386K, committed 512K, reserved 1048576K
Event: 251.309 GC heap after
Heap after GC invocations=19 (full 9):
 PSYoungGen      total 601088K, used 32K [0x0000000580100000, 0x00000005a9f80000, 0x0000000800000000)
  eden space 515584K, 0% used [0x0000000580100000,0x0000000580100000,0x000000059f880000)
  from space 85504K, 0% used [0x00000005a4c00000,0x00000005a4c08000,0x00000005a9f80000)
  to   space 85504K, 0% used [0x000000059f880000,0x000000059f880000,0x00000005a4c00000)
 ParOldGen       total 1373696K, used 427K [0x0000000080200000, 0x00000000d3f80000, 0x0000000580100000)
  object space 1373696K, 0% used [0x0000000080200000,0x000000008026ae70,0x00000000d3f80000)
 Metaspace       used 3757K, capacity 4494K, committed 4864K, reserved 1056768K
  class space    used 366K, capacity 386K, committed 512K, reserved 1048576K
}
Event: 251.309 GC heap before
{Heap before GC invocations=20 (full 10):
 PSYoungGen      total 601088K, used 32K [0x0000000580100000, 0x00000005a9f80000, 0x0000000800000000)
  eden space 515584K, 0% used [0x0000000580100000,0x0000000580100000,0x000000059f880000)
  from space 85504K, 0% used [0x00000005a4c00000,0x00000005a4c08000,0x00000005a9f80000)
  to   space 85504K, 0% used [0x000000059f880000,0x000000059f880000,0x00000005a4c00000)
 ParOldGen       total 1373696K, used 427K [0x0000000080200000, 0x00000000d3f80000, 0x0000000580100000)
  object space 1373696K, 0% used [0x0000000080200000,0x000000008026ae70,0x00000000d3f80000)
 Metaspace       used 3757K, capacity 4494K, committed 4864K, reserved 1056768K
  class space    used 366K, capacity 386K, committed 512K, reserved 1048576K
Event: 251.325 GC heap after
Heap after GC invocations=20 (full 10):
 PSYoungGen      total 601088K, used 0K [0x0000000580100000, 0x00000005a9f80000, 0x0000000800000000)
  eden space 515584K, 0% used [0x0000000580100000,0x0000000580100000,0x000000059f880000)
  from space 85504K, 0% used [0x00000005a4c00000,0x00000005a4c00000,0x00000005a9f80000)
  to   space 85504K, 0% used [0x000000059f880000,0x000000059f880000,0x00000005a4c00000)
 ParOldGen       total 1373696K, used 427K [0x0000000080200000, 0x00000000d3f80000, 0x0000000580100000)
  object space 1373696K, 0% used [0x0000000080200000,0x000000008026ae70,0x00000000d3f80000)
 Metaspace       used 3757K, capacity 4494K, committed 4864K, reserved 1056768K
  class space    used 366K, capacity 386K, committed 512K, reserved 1048576K
}
Event: 266.313 GC heap before
{Heap before GC invocations=21 (full 10):
 PSYoungGen      total 601088K, used 10311K [0x0000000580100000, 0x00000005a9f80000, 0x0000000800000000)
  eden space 515584K, 2% used [0x0000000580100000,0x0000000580b11ef8,0x000000059f880000)
  from space 85504K, 0% used [0x00000005a4c00000,0x00000005a4c00000,0x00000005a9f80000)
  to   space 85504K, 0% used [0x000000059f880000,0x000000059f880000,0x00000005a4c00000)
 ParOldGen       total 1373696K, used 427K [0x0000000080200000, 0x00000000d3f80000, 0x0000000580100000)
  object space 1373696K, 0% used [0x0000000080200000,0x000000008026ae70,0x00000000d3f80000)
 Metaspace       used 3757K, capacity 4494K, committed 4864K, reserved 1056768K
  class space    used 366K, capacity 386K, committed 512K, reserved 1048576K
Event: 266.318 GC heap after
Heap after GC invocations=21 (full 10):
 PSYoungGen      total 601088K, used 32K [0x0000000580100000, 0x00000005a9f80000, 0x0000000800000000)
  eden space 515584K, 0% used [0x0000000580100000,0x0000000580100000,0x000000059f880000)
  from space 85504K, 0% used [0x000000059f880000,0x000000059f888000,0x00000005a4c00000)
  to   space 85504K, 0% used [0x00000005a4c00000,0x00000005a4c00000,0x00000005a9f80000)
 ParOldGen       total 1373696K, used 427K [0x0000000080200000, 0x00000000d3f80000, 0x0000000580100000)
  object space 1373696K, 0% used [0x0000000080200000,0x000000008026ae70,0x00000000d3f80000)
 Metaspace       used 3757K, capacity 4494K, committed 4864K, reserved 1056768K
  class space    used 366K, capacity 386K, committed 512K, reserved 1048576K
}
Event: 266.318 GC heap before
{Heap before GC invocations=22 (full 11):
 PSYoungGen      total 601088K, used 32K [0x0000000580100000, 0x00000005a9f80000, 0x0000000800000000)
  eden space 515584K, 0% used [0x0000000580100000,0x0000000580100000,0x000000059f880000)
  from space 85504K, 0% used [0x000000059f880000,0x000000059f888000,0x00000005a4c00000)
  to   space 85504K, 0% used [0x00000005a4c00000,0x00000005a4c00000,0x00000005a9f80000)
 ParOldGen       total 1373696K, used 427K [0x0000000080200000, 0x00000000d3f80000, 0x0000000580100000)
  object space 1373696K, 0% used [0x0000000080200000,0x000000008026ae70,0x00000000d3f80000)
 Metaspace       used 3757K, capacity 4494K, committed 4864K, reserved 1056768K
  class space    used 366K, capacity 386K, committed 512K, reserved 1048576K
Event: 266.335 GC heap after
Heap after GC invocations=22 (full 11):
 PSYoungGen      total 601088K, used 0K [0x0000000580100000, 0x00000005a9f80000, 0x0000000800000000)
  eden space 515584K, 0% used [0x0000000580100000,0x0000000580100000,0x000000059f880000)
  from space 85504K, 0% used [0x000000059f880000,0x000000059f880000,0x00000005a4c00000)
  to   space 85504K, 0% used [0x00000005a4c00000,0x00000005a4c00000,0x00000005a9f80000)
 ParOldGen       total 1373696K, used 427K [0x0000000080200000, 0x00000000d3f80000, 0x0000000580100000)
  object space 1373696K, 0% used [0x0000000080200000,0x000000008026ae70,0x00000000d3f80000)
 Metaspace       used 3757K, capacity 4494K, committed 4864K, reserved 1056768K
  class space    used 366K, capacity 386K, committed 512K, reserved 1048576K
}
Event: 267.429 GC heap before
{Heap before GC invocations=23 (full 11):
 PSYoungGen      total 601088K, used 10311K [0x0000000580100000, 0x00000005a9f80000, 0x0000000800000000)
  eden space 515584K, 2% used [0x0000000580100000,0x0000000580b11ef8,0x000000059f880000)
  from space 85504K, 0% used [0x000000059f880000,0x000000059f880000,0x00000005a4c00000)
  to   space 85504K, 0% used [0x00000005a4c00000,0x00000005a4c00000,0x00000005a9f80000)
 ParOldGen       total 1373696K, used 427K [0x0000000080200000, 0x00000000d3f80000, 0x0000000580100000)
  object space 1373696K, 0% used [0x0000000080200000,0x000000008026ae70,0x00000000d3f80000)
 Metaspace       used 3757K, capacity 4494K, committed 4864K, reserved 1056768K
  class space    used 366K, capacity 386K, committed 512K, reserved 1048576K
Event: 267.433 GC heap after
Heap after GC invocations=23 (full 11):
 PSYoungGen      total 601088K, used 64K [0x0000000580100000, 0x00000005a9f80000, 0x0000000800000000)
  eden space 515584K, 0% used [0x0000000580100000,0x0000000580100000,0x000000059f880000)
  from space 85504K, 0% used [0x00000005a4c00000,0x00000005a4c10000,0x00000005a9f80000)
  to   space 85504K, 0% used [0x000000059f880000,0x000000059f880000,0x00000005a4c00000)
 ParOldGen       total 1373696K, used 427K [0x0000000080200000, 0x00000000d3f80000, 0x0000000580100000)
  object space 1373696K, 0% used [0x0000000080200000,0x000000008026ae70,0x00000000d3f80000)
 Metaspace       used 3757K, capacity 4494K, committed 4864K, reserved 1056768K
  class space    used 366K, capacity 386K, committed 512K, reserved 1048576K
}
Event: 267.433 GC heap before
{Heap before GC invocations=24 (full 12):
 PSYoungGen      total 601088K, used 64K [0x0000000580100000, 0x00000005a9f80000, 0x0000000800000000)
  eden space 515584K, 0% used [0x0000000580100000,0x0000000580100000,0x000000059f880000)
  from space 85504K, 0% used [0x00000005a4c00000,0x00000005a4c10000,0x00000005a9f80000)
  to   space 85504K, 0% used [0x000000059f880000,0x000000059f880000,0x00000005a4c00000)
 ParOldGen       total 1373696K, used 427K [0x0000000080200000, 0x00000000d3f80000, 0x0000000580100000)
  object space 1373696K, 0% used [0x0000000080200000,0x000000008026ae70,0x00000000d3f80000)
 Metaspace       used 3757K, capacity 4494K, committed 4864K, reserved 1056768K
  class space    used 366K, capacity 386K, committed 512K, reserved 1048576K
Event: 267.450 GC heap after
Heap after GC invocations=24 (full 12):
 PSYoungGen      total 601088K, used 0K [0x0000000580100000, 0x00000005a9f80000, 0x0000000800000000)
  eden space 515584K, 0% used [0x0000000580100000,0x0000000580100000,0x000000059f880000)
  from space 85504K, 0% used [0x00000005a4c00000,0x00000005a4c00000,0x00000005a9f80000)
  to   space 85504K, 0% used [0x000000059f880000,0x000000059f880000,0x00000005a4c00000)
 ParOldGen       total 1373696K, used 427K [0x0000000080200000, 0x00000000d3f80000, 0x0000000580100000)
  object space 1373696K, 0% used [0x0000000080200000,0x000000008026ae70,0x00000000d3f80000)
 Metaspace       used 3757K, capacity 4494K, committed 4864K, reserved 1056768K
  class space    used 366K, capacity 386K, committed 512K, reserved 1048576K
}
Event: 280.563 GC heap before
{Heap before GC invocations=25 (full 12):
 PSYoungGen      total 601088K, used 10311K [0x0000000580100000, 0x00000005a9f80000, 0x0000000800000000)
  eden space 515584K, 2% used [0x0000000580100000,0x0000000580b11ef8,0x000000059f880000)
  from space 85504K, 0% used [0x00000005a4c00000,0x00000005a4c00000,0x00000005a9f80000)
  to   space 85504K, 0% used [0x000000059f880000,0x000000059f880000,0x00000005a4c00000)
 ParOldGen       total 1373696K, used 427K [0x0000000080200000, 0x00000000d3f80000, 0x0000000580100000)
  object space 1373696K, 0% used [0x0000000080200000,0x000000008026ae70,0x00000000d3f80000)
 Metaspace       used 3757K, capacity 4494K, committed 4864K, reserved 1056768K
  class space    used 366K, capacity 386K, committed 512K, reserved 1048576K
Event: 280.567 GC heap after
Heap after GC invocations=25 (full 12):
 PSYoungGen      total 601088K, used 32K [0x0000000580100000, 0x00000005a9f80000, 0x0000000800000000)
  eden space 515584K, 0% used [0x0000000580100000,0x0000000580100000,0x000000059f880000)
  from space 85504K, 0% used [0x000000059f880000,0x000000059f888000,0x00000005a4c00000)
  to   space 85504K, 0% used [0x00000005a4c00000,0x00000005a4c00000,0x00000005a9f80000)
 ParOldGen       total 1373696K, used 427K [0x0000000080200000, 0x00000000d3f80000, 0x0000000580100000)
  object space 1373696K, 0% used [0x0000000080200000,0x000000008026ae70,0x00000000d3f80000)
 Metaspace       used 3757K, capacity 4494K, committed 4864K, reserved 1056768K
  class space    used 366K, capacity 386K, committed 512K, reserved 1048576K
}
Event: 280.567 GC heap before
{Heap before GC invocations=26 (full 13):
 PSYoungGen      total 601088K, used 32K [0x0000000580100000, 0x00000005a9f80000, 0x0000000800000000)
  eden space 515584K, 0% used [0x0000000580100000,0x0000000580100000,0x000000059f880000)
  from space 85504K, 0% used [0x000000059f880000,0x000000059f888000,0x00000005a4c00000)
  to   space 85504K, 0% used [0x00000005a4c00000,0x00000005a4c00000,0x00000005a9f80000)
 ParOldGen       total 1373696K, used 427K [0x0000000080200000, 0x00000000d3f80000, 0x0000000580100000)
  object space 1373696K, 0% used [0x0000000080200000,0x000000008026ae70,0x00000000d3f80000)
 Metaspace       used 3757K, capacity 4494K, committed 4864K, reserved 1056768K
  class space    used 366K, capacity 386K, committed 512K, reserved 1048576K
Event: 280.583 GC heap after
Heap after GC invocations=26 (full 13):
 PSYoungGen      total 601088K, used 0K [0x0000000580100000, 0x00000005a9f80000, 0x0000000800000000)
  eden space 515584K, 0% used [0x0000000580100000,0x0000000580100000,0x000000059f880000)
  from space 85504K, 0% used [0x000000059f880000,0x000000059f880000,0x00000005a4c00000)
  to   space 85504K, 0% used [0x00000005a4c00000,0x00000005a4c00000,0x00000005a9f80000)
 ParOldGen       total 1373696K, used 427K [0x0000000080200000, 0x00000000d3f80000, 0x0000000580100000)
  object space 1373696K, 0% used [0x0000000080200000,0x000000008026ae70,0x00000000d3f80000)
 Metaspace       used 3757K, capacity 4494K, committed 4864K, reserved 1056768K
  class space    used 366K, capacity 386K, committed 512K, reserved 1048576K
}
Event: 281.903 GC heap before
{Heap before GC invocations=27 (full 13):
 PSYoungGen      total 601088K, used 10311K [0x0000000580100000, 0x00000005a9f80000, 0x0000000800000000)
  eden space 515584K, 2% used [0x0000000580100000,0x0000000580b11ef8,0x000000059f880000)
  from space 85504K, 0% used [0x000000059f880000,0x000000059f880000,0x00000005a4c00000)
  to   space 85504K, 0% used [0x00000005a4c00000,0x00000005a4c00000,0x00000005a9f80000)
 ParOldGen       total 1373696K, used 427K [0x0000000080200000, 0x00000000d3f80000, 0x0000000580100000)
  object space 1373696K, 0% used [0x0000000080200000,0x000000008026ae70,0x00000000d3f80000)
 Metaspace       used 3768K, capacity 4494K, committed 4864K, reserved 1056768K
  class space    used 366K, capacity 386K, committed 512K, reserved 1048576K
Event: 281.908 GC heap after
Heap after GC invocations=27 (full 13):
 PSYoungGen      total 601088K, used 32K [0x0000000580100000, 0x00000005a9f80000, 0x0000000800000000)
  eden space 515584K, 0% used [0x0000000580100000,0x0000000580100000,0x000000059f880000)
  from space 85504K, 0% used [0x00000005a4c00000,0x00000005a4c08000,0x00000005a9f80000)
  to   space 85504K, 0% used [0x000000059f880000,0x000000059f880000,0x00000005a4c00000)
 ParOldGen       total 1373696K, used 427K [0x0000000080200000, 0x00000000d3f80000, 0x0000000580100000)
  object space 1373696K, 0% used [0x0000000080200000,0x000000008026ae70,0x00000000d3f80000)
 Metaspace       used 3768K, capacity 4494K, committed 4864K, reserved 1056768K
  class space    used 366K, capacity 386K, committed 512K, reserved 1048576K
}
Event: 281.908 GC heap before
{Heap before GC invocations=28 (full 14):
 PSYoungGen      total 601088K, used 32K [0x0000000580100000, 0x00000005a9f80000, 0x0000000800000000)
  eden space 515584K, 0% used [0x0000000580100000,0x0000000580100000,0x000000059f880000)
  from space 85504K, 0% used [0x00000005a4c00000,0x00000005a4c08000,0x00000005a9f80000)
  to   space 85504K, 0% used [0x000000059f880000,0x000000059f880000,0x00000005a4c00000)
 ParOldGen       total 1373696K, used 427K [0x0000000080200000, 0x00000000d3f80000, 0x0000000580100000)
  object space 1373696K, 0% used [0x0000000080200000,0x000000008026ae70,0x00000000d3f80000)
 Metaspace       used 3768K, capacity 4494K, committed 4864K, reserved 1056768K
  class space    used 366K, capacity 386K, committed 512K, reserved 1048576K
Event: 281.923 GC heap after
Heap after GC invocations=28 (full 14):
 PSYoungGen      total 601088K, used 0K [0x0000000580100000, 0x00000005a9f80000, 0x0000000800000000)
  eden space 515584K, 0% used [0x0000000580100000,0x0000000580100000,0x000000059f880000)
  from space 85504K, 0% used [0x00000005a4c00000,0x00000005a4c00000,0x00000005a9f80000)
  to   space 85504K, 0% used [0x000000059f880000,0x000000059f880000,0x00000005a4c00000)
 ParOldGen       total 1373696K, used 427K [0x0000000080200000, 0x00000000d3f80000, 0x0000000580100000)
  object space 1373696K, 0% used [0x0000000080200000,0x000000008026ae70,0x00000000d3f80000)
 Metaspace       used 3768K, capacity 4494K, committed 4864K, reserved 1056768K
  class space    used 366K, capacity 386K, committed 512K, reserved 1048576K
}
Event: 284.752 GC heap before
{Heap before GC invocations=29 (full 14):
 PSYoungGen      total 601088K, used 10311K [0x0000000580100000, 0x00000005a9f80000, 0x0000000800000000)
  eden space 515584K, 2% used [0x0000000580100000,0x0000000580b11ef8,0x000000059f880000)
  from space 85504K, 0% used [0x00000005a4c00000,0x00000005a4c00000,0x00000005a9f80000)
  to   space 85504K, 0% used [0x000000059f880000,0x000000059f880000,0x00000005a4c00000)
 ParOldGen       total 1373696K, used 427K [0x0000000080200000, 0x00000000d3f80000, 0x0000000580100000)
  object space 1373696K, 0% used [0x0000000080200000,0x000000008026ae70,0x00000000d3f80000)
 Metaspace       used 3768K, capacity 4494K, committed 4864K, reserved 1056768K
  class space    used 366K, capacity 386K, committed 512K, reserved 1048576K
Event: 284.756 GC heap after
Heap after GC invocations=29 (full 14):
 PSYoungGen      total 601088K, used 32K [0x0000000580100000, 0x00000005a9f80000, 0x0000000800000000)
  eden space 515584K, 0% used [0x0000000580100000,0x0000000580100000,0x000000059f880000)
  from space 85504K, 0% used [0x000000059f880000,0x000000059f888000,0x00000005a4c00000)
  to   space 85504K, 0% used [0x00000005a4c00000,0x00000005a4c00000,0x00000005a9f80000)
 ParOldGen       total 1373696K, used 427K [0x0000000080200000, 0x00000000d3f80000, 0x0000000580100000)
  object space 1373696K, 0% used [0x0000000080200000,0x000000008026ae70,0x00000000d3f80000)
 Metaspace       used 3768K, capacity 4494K, committed 4864K, reserved 1056768K
  class space    used 366K, capacity 386K, committed 512K, reserved 1048576K
}
Event: 284.756 GC heap before
{Heap before GC invocations=30 (full 15):
 PSYoungGen      total 601088K, used 32K [0x0000000580100000, 0x00000005a9f80000, 0x0000000800000000)
  eden space 515584K, 0% used [0x0000000580100000,0x0000000580100000,0x000000059f880000)
  from space 85504K, 0% used [0x000000059f880000,0x000000059f888000,0x00000005a4c00000)
  to   space 85504K, 0% used [0x00000005a4c00000,0x00000005a4c00000,0x00000005a9f80000)
 ParOldGen       total 1373696K, used 427K [0x0000000080200000, 0x00000000d3f80000, 0x0000000580100000)
  object space 1373696K, 0% used [0x0000000080200000,0x000000008026ae70,0x00000000d3f80000)
 Metaspace       used 3768K, capacity 4494K, committed 4864K, reserved 1056768K
  class space    used 366K, capacity 386K, committed 512K, reserved 1048576K
Event: 284.773 GC heap after
Heap after GC invocations=30 (full 15):
 PSYoungGen      total 601088K, used 0K [0x0000000580100000, 0x00000005a9f80000, 0x0000000800000000)
  eden space 515584K, 0% used [0x0000000580100000,0x0000000580100000,0x000000059f880000)
  from space 85504K, 0% used [0x000000059f880000,0x000000059f880000,0x00000005a4c00000)
  to   space 85504K, 0% used [0x00000005a4c00000,0x00000005a4c00000,0x00000005a9f80000)
 ParOldGen       total 1373696K, used 427K [0x0000000080200000, 0x00000000d3f80000, 0x0000000580100000)
  object space 1373696K, 0% used [0x0000000080200000,0x000000008026ae70,0x00000000d3f80000)
 Metaspace       used 3768K, capacity 4494K, committed 4864K, reserved 1056768K
  class space    used 366K, capacity 386K, committed 512K, reserved 1048576K
}
Event: 332.236 GC heap before
{Heap before GC invocations=31 (full 15):
 PSYoungGen      total 601088K, used 10311K [0x0000000580100000, 0x00000005a9f80000, 0x0000000800000000)
  eden space 515584K, 2% used [0x0000000580100000,0x0000000580b11ef8,0x000000059f880000)
  from space 85504K, 0% used [0x000000059f880000,0x000000059f880000,0x00000005a4c00000)
  to   space 85504K, 0% used [0x00000005a4c00000,0x00000005a4c00000,0x00000005a9f80000)
 ParOldGen       total 1373696K, used 427K [0x0000000080200000, 0x00000000d3f80000, 0x0000000580100000)
  object space 1373696K, 0% used [0x0000000080200000,0x000000008026ae70,0x00000000d3f80000)
 Metaspace       used 3768K, capacity 4494K, committed 4864K, reserved 1056768K
  class space    used 366K, capacity 386K, committed 512K, reserved 1048576K
Event: 332.241 GC heap after
Heap after GC invocations=31 (full 15):
 PSYoungGen      total 601088K, used 32K [0x0000000580100000, 0x00000005a9f80000, 0x0000000800000000)
  eden space 515584K, 0% used [0x0000000580100000,0x0000000580100000,0x000000059f880000)
  from space 85504K, 0% used [0x00000005a4c00000,0x00000005a4c08000,0x00000005a9f80000)
  to   space 85504K, 0% used [0x000000059f880000,0x000000059f880000,0x00000005a4c00000)
 ParOldGen       total 1373696K, used 427K [0x0000000080200000, 0x00000000d3f80000, 0x0000000580100000)
  object space 1373696K, 0% used [0x0000000080200000,0x000000008026ae70,0x00000000d3f80000)
 Metaspace       used 3768K, capacity 4494K, committed 4864K, reserved 1056768K
  class space    used 366K, capacity 386K, committed 512K, reserved 1048576K
}
Event: 332.241 GC heap before
{Heap before GC invocations=32 (full 16):
 PSYoungGen      total 601088K, used 32K [0x0000000580100000, 0x00000005a9f80000, 0x0000000800000000)
  eden space 515584K, 0% used [0x0000000580100000,0x0000000580100000,0x000000059f880000)
  from space 85504K, 0% used [0x00000005a4c00000,0x00000005a4c08000,0x00000005a9f80000)
  to   space 85504K, 0% used [0x000000059f880000,0x000000059f880000,0x00000005a4c00000)
 ParOldGen       total 1373696K, used 427K [0x0000000080200000, 0x00000000d3f80000, 0x0000000580100000)
  object space 1373696K, 0% used [0x0000000080200000,0x000000008026ae70,0x00000000d3f80000)
 Metaspace       used 3768K, capacity 4494K, committed 4864K, reserved 1056768K
  class space    used 366K, capacity 386K, committed 512K, reserved 1048576K
Event: 332.257 GC heap after
Heap after GC invocations=32 (full 16):
 PSYoungGen      total 601088K, used 0K [0x0000000580100000, 0x00000005a9f80000, 0x0000000800000000)
  eden space 515584K, 0% used [0x0000000580100000,0x0000000580100000,0x000000059f880000)
  from space 85504K, 0% used [0x00000005a4c00000,0x00000005a4c00000,0x00000005a9f80000)
  to   space 85504K, 0% used [0x000000059f880000,0x000000059f880000,0x00000005a4c00000)
 ParOldGen       total 1373696K, used 427K [0x0000000080200000, 0x00000000d3f80000, 0x0000000580100000)
  object space 1373696K, 0% used [0x0000000080200000,0x000000008026ae70,0x00000000d3f80000)
 Metaspace       used 3768K, capacity 4494K, committed 4864K, reserved 1056768K
  class space    used 366K, capacity 386K, committed 512K, reserved 1048576K
}
Event: 340.629 GC heap before
{Heap before GC invocations=33 (full 16):
 PSYoungGen      total 601088K, used 10311K [0x0000000580100000, 0x00000005a9f80000, 0x0000000800000000)
  eden space 515584K, 2% used [0x0000000580100000,0x0000000580b11ef8,0x000000059f880000)
  from space 85504K, 0% used [0x00000005a4c00000,0x00000005a4c00000,0x00000005a9f80000)
  to   space 85504K, 0% used [0x000000059f880000,0x000000059f880000,0x00000005a4c00000)
 ParOldGen       total 1373696K, used 427K [0x0000000080200000, 0x00000000d3f80000, 0x0000000580100000)
  object space 1373696K, 0% used [0x0000000080200000,0x000000008026ae70,0x00000000d3f80000)
 Metaspace       used 3768K, capacity 4494K, committed 4864K, reserved 1056768K
  class space    used 366K, capacity 386K, committed 512K, reserved 1048576K
Event: 340.633 GC heap after
Heap after GC invocations=33 (full 16):
 PSYoungGen      total 601088K, used 32K [0x0000000580100000, 0x00000005a9f80000, 0x0000000800000000)
  eden space 515584K, 0% used [0x0000000580100000,0x0000000580100000,0x000000059f880000)
  from space 85504K, 0% used [0x000000059f880000,0x000000059f888000,0x00000005a4c00000)
  to   space 85504K, 0% used [0x00000005a4c00000,0x00000005a4c00000,0x00000005a9f80000)
 ParOldGen       total 1373696K, used 427K [0x0000000080200000, 0x00000000d3f80000, 0x0000000580100000)
  object space 1373696K, 0% used [0x0000000080200000,0x000000008026ae70,0x00000000d3f80000)
 Metaspace       used 3768K, capacity 4494K, committed 4864K, reserved 1056768K
  class space    used 366K, capacity 386K, committed 512K, reserved 1048576K
}
Event: 340.633 GC heap before
{Heap before GC invocations=34 (full 17):
 PSYoungGen      total 601088K, used 32K [0x0000000580100000, 0x00000005a9f80000, 0x0000000800000000)
  eden space 515584K, 0% used [0x0000000580100000,0x0000000580100000,0x000000059f880000)
  from space 85504K, 0% used [0x000000059f880000,0x000000059f888000,0x00000005a4c00000)
  to   space 85504K, 0% used [0x00000005a4c00000,0x00000005a4c00000,0x00000005a9f80000)
 ParOldGen       total 1373696K, used 427K [0x0000000080200000, 0x00000000d3f80000, 0x0000000580100000)
  object space 1373696K, 0% used [0x0000000080200000,0x000000008026ae70,0x00000000d3f80000)
 Metaspace       used 3768K, capacity 4494K, committed 4864K, reserved 1056768K
  class space    used 366K, capacity 386K, committed 512K, reserved 1048576K
Event: 340.649 GC heap after
Heap after GC invocations=34 (full 17):
 PSYoungGen      total 601088K, used 0K [0x0000000580100000, 0x00000005a9f80000, 0x0000000800000000)
  eden space 515584K, 0% used [0x0000000580100000,0x0000000580100000,0x000000059f880000)
  from space 85504K, 0% used [0x000000059f880000,0x000000059f880000,0x00000005a4c00000)
  to   space 85504K, 0% used [0x00000005a4c00000,0x00000005a4c00000,0x00000005a9f80000)
 ParOldGen       total 1373696K, used 427K [0x0000000080200000, 0x00000000d3f80000, 0x0000000580100000)
  object space 1373696K, 0% used [0x0000000080200000,0x000000008026ae70,0x00000000d3f80000)
 Metaspace       used 3768K, capacity 4494K, committed 4864K, reserved 1056768K
  class space    used 366K, capacity 386K, committed 512K, reserved 1048576K
}
Event: 342.243 GC heap before
{Heap before GC invocations=35 (full 17):
 PSYoungGen      total 601088K, used 10311K [0x0000000580100000, 0x00000005a9f80000, 0x0000000800000000)
  eden space 515584K, 2% used [0x0000000580100000,0x0000000580b11ef8,0x000000059f880000)
  from space 85504K, 0% used [0x000000059f880000,0x000000059f880000,0x00000005a4c00000)
  to   space 85504K, 0% used [0x00000005a4c00000,0x00000005a4c00000,0x00000005a9f80000)
 ParOldGen       total 1373696K, used 427K [0x0000000080200000, 0x00000000d3f80000, 0x0000000580100000)
  object space 1373696K, 0% used [0x0000000080200000,0x000000008026ae70,0x00000000d3f80000)
 Metaspace       used 3769K, capacity 4494K, committed 4864K, reserved 1056768K
  class space    used 366K, capacity 386K, committed 512K, reserved 1048576K
Event: 342.246 GC heap after
Heap after GC invocations=35 (full 17):
 PSYoungGen      total 601088K, used 32K [0x0000000580100000, 0x00000005a9f80000, 0x0000000800000000)
  eden space 515584K, 0% used [0x0000000580100000,0x0000000580100000,0x000000059f880000)
  from space 85504K, 0% used [0x00000005a4c00000,0x00000005a4c08000,0x00000005a9f80000)
  to   space 85504K, 0% used [0x000000059f880000,0x000000059f880000,0x00000005a4c00000)
 ParOldGen       total 1373696K, used 427K [0x0000000080200000, 0x00000000d3f80000, 0x0000000580100000)
  object space 1373696K, 0% used [0x0000000080200000,0x000000008026ae70,0x00000000d3f80000)
 Metaspace       used 3769K, capacity 4494K, committed 4864K, reserved 1056768K
  class space    used 366K, capacity 386K, committed 512K, reserved 1048576K
}
Event: 342.246 GC heap before
{Heap before GC invocations=36 (full 18):
 PSYoungGen      total 601088K, used 32K [0x0000000580100000, 0x00000005a9f80000, 0x0000000800000000)
  eden space 515584K, 0% used [0x0000000580100000,0x0000000580100000,0x000000059f880000)
  from space 85504K, 0% used [0x00000005a4c00000,0x00000005a4c08000,0x00000005a9f80000)
  to   space 85504K, 0% used [0x000000059f880000,0x000000059f880000,0x00000005a4c00000)
 ParOldGen       total 1373696K, used 427K [0x0000000080200000, 0x00000000d3f80000, 0x0000000580100000)
  object space 1373696K, 0% used [0x0000000080200000,0x000000008026ae70,0x00000000d3f80000)
 Metaspace       used 3769K, capacity 4494K, committed 4864K, reserved 1056768K
  class space    used 366K, capacity 386K, committed 512K, reserved 1048576K
Event: 342.262 GC heap after
Heap after GC invocations=36 (full 18):
 PSYoungGen      total 601088K, used 0K [0x0000000580100000, 0x00000005a9f80000, 0x0000000800000000)
  eden space 515584K, 0% used [0x0000000580100000,0x0000000580100000,0x000000059f880000)
  from space 85504K, 0% used [0x00000005a4c00000,0x00000005a4c00000,0x00000005a9f80000)
  to   space 85504K, 0% used [0x000000059f880000,0x000000059f880000,0x00000005a4c00000)
 ParOldGen       total 1373696K, used 427K [0x0000000080200000, 0x00000000d3f80000, 0x0000000580100000)
  object space 1373696K, 0% used [0x0000000080200000,0x000000008026ae70,0x00000000d3f80000)
 Metaspace       used 3769K, capacity 4494K, committed 4864K, reserved 1056768K
  class space    used 366K, capacity 386K, committed 512K, reserved 1048576K
}
Event: 344.721 GC heap before
{Heap before GC invocations=37 (full 18):
 PSYoungGen      total 601088K, used 10311K [0x0000000580100000, 0x00000005a9f80000, 0x0000000800000000)
  eden space 515584K, 2% used [0x0000000580100000,0x0000000580b11ef8,0x000000059f880000)
  from space 85504K, 0% used [0x00000005a4c00000,0x00000005a4c00000,0x00000005a9f80000)
  to   space 85504K, 0% used [0x000000059f880000,0x000000059f880000,0x00000005a4c00000)
 ParOldGen       total 1373696K, used 427K [0x0000000080200000, 0x00000000d3f80000, 0x0000000580100000)
  object space 1373696K, 0% used [0x0000000080200000,0x000000008026ae70,0x00000000d3f80000)
 Metaspace       used 3771K, capacity 4494K, committed 4864K, reserved 1056768K
  class space    used 366K, capacity 386K, committed 512K, reserved 1048576K
Event: 344.725 GC heap after
Heap after GC invocations=37 (full 18):
 PSYoungGen      total 601088K, used 32K [0x0000000580100000, 0x00000005a9f80000, 0x0000000800000000)
  eden space 515584K, 0% used [0x0000000580100000,0x0000000580100000,0x000000059f880000)
  from space 85504K, 0% used [0x000000059f880000,0x000000059f888000,0x00000005a4c00000)
  to   space 85504K, 0% used [0x00000005a4c00000,0x00000005a4c00000,0x00000005a9f80000)
 ParOldGen       total 1373696K, used 427K [0x0000000080200000, 0x00000000d3f80000, 0x0000000580100000)
  object space 1373696K, 0% used [0x0000000080200000,0x000000008026ae70,0x00000000d3f80000)
 Metaspace       used 3771K, capacity 4494K, committed 4864K, reserved 1056768K
  class space    used 366K, capacity 386K, committed 512K, reserved 1048576K
}
Event: 344.725 GC heap before
{Heap before GC invocations=38 (full 19):
 PSYoungGen      total 601088K, used 32K [0x0000000580100000, 0x00000005a9f80000, 0x0000000800000000)
  eden space 515584K, 0% used [0x0000000580100000,0x0000000580100000,0x000000059f880000)
  from space 85504K, 0% used [0x000000059f880000,0x000000059f888000,0x00000005a4c00000)
  to   space 85504K, 0% used [0x00000005a4c00000,0x00000005a4c00000,0x00000005a9f80000)
 ParOldGen       total 1373696K, used 427K [0x0000000080200000, 0x00000000d3f80000, 0x0000000580100000)
  object space 1373696K, 0% used [0x0000000080200000,0x000000008026ae70,0x00000000d3f80000)
 Metaspace       used 3771K, capacity 4494K, committed 4864K, reserved 1056768K
  class space    used 366K, capacity 386K, committed 512K, reserved 1048576K
Event: 344.742 GC heap after
Heap after GC invocations=38 (full 19):
 PSYoungGen      total 601088K, used 0K [0x0000000580100000, 0x00000005a9f80000, 0x0000000800000000)
  eden space 515584K, 0% used [0x0000000580100000,0x0000000580100000,0x000000059f880000)
  from space 85504K, 0% used [0x000000059f880000,0x000000059f880000,0x00000005a4c00000)
  to   space 85504K, 0% used [0x00000005a4c00000,0x00000005a4c00000,0x00000005a9f80000)
 ParOldGen       total 1373696K, used 427K [0x0000000080200000, 0x00000000d3f80000, 0x0000000580100000)
  object space 1373696K, 0% used [0x0000000080200000,0x000000008026ae70,0x00000000d3f80000)
 Metaspace       used 3771K, capacity 4494K, committed 4864K, reserved 1056768K
  class space    used 366K, capacity 386K, committed 512K, reserved 1048576K
}
Event: 370.113 GC heap before
{Heap before GC invocations=39 (full 19):
 PSYoungGen      total 601088K, used 10311K [0x0000000580100000, 0x00000005a9f80000, 0x0000000800000000)
  eden space 515584K, 2% used [0x0000000580100000,0x0000000580b11ef8,0x000000059f880000)
  from space 85504K, 0% used [0x000000059f880000,0x000000059f880000,0x00000005a4c00000)
  to   space 85504K, 0% used [0x00000005a4c00000,0x00000005a4c00000,0x00000005a9f80000)
 ParOldGen       total 1373696K, used 427K [0x0000000080200000, 0x00000000d3f80000, 0x0000000580100000)
  object space 1373696K, 0% used [0x0000000080200000,0x000000008026ae70,0x00000000d3f80000)
 Metaspace       used 3771K, capacity 4494K, committed 4864K, reserved 1056768K
  class space    used 366K, capacity 386K, committed 512K, reserved 1048576K
Event: 370.116 GC heap after
Heap after GC invocations=39 (full 19):
 PSYoungGen      total 601088K, used 32K [0x0000000580100000, 0x00000005a9f80000, 0x0000000800000000)
  eden space 515584K, 0% used [0x0000000580100000,0x0000000580100000,0x000000059f880000)
  from space 85504K, 0% used [0x00000005a4c00000,0x00000005a4c08000,0x00000005a9f80000)
  to   space 85504K, 0% used [0x000000059f880000,0x000000059f880000,0x00000005a4c00000)
 ParOldGen       total 1373696K, used 427K [0x0000000080200000, 0x00000000d3f80000, 0x0000000580100000)
  object space 1373696K, 0% used [0x0000000080200000,0x000000008026ae70,0x00000000d3f80000)
 Metaspace       used 3771K, capacity 4494K, committed 4864K, reserved 1056768K
  class space    used 366K, capacity 386K, committed 512K, reserved 1048576K
}
Event: 370.116 GC heap before
{Heap before GC invocations=40 (full 20):
 PSYoungGen      total 601088K, used 32K [0x0000000580100000, 0x00000005a9f80000, 0x0000000800000000)
  eden space 515584K, 0% used [0x0000000580100000,0x0000000580100000,0x000000059f880000)
  from space 85504K, 0% used [0x00000005a4c00000,0x00000005a4c08000,0x00000005a9f80000)
  to   space 85504K, 0% used [0x000000059f880000,0x000000059f880000,0x00000005a4c00000)
 ParOldGen       total 1373696K, used 427K [0x0000000080200000, 0x00000000d3f80000, 0x0000000580100000)
  object space 1373696K, 0% used [0x0000000080200000,0x000000008026ae70,0x00000000d3f80000)
 Metaspace       used 3771K, capacity 4494K, committed 4864K, reserved 1056768K
  class space    used 366K, capacity 386K, committed 512K, reserved 1048576K
Event: 370.133 GC heap after
Heap after GC invocations=40 (full 20):
 PSYoungGen      total 601088K, used 0K [0x0000000580100000, 0x00000005a9f80000, 0x0000000800000000)
  eden space 515584K, 0% used [0x0000000580100000,0x0000000580100000,0x000000059f880000)
  from space 85504K, 0% used [0x00000005a4c00000,0x00000005a4c00000,0x00000005a9f80000)
  to   space 85504K, 0% used [0x000000059f880000,0x000000059f880000,0x00000005a4c00000)
 ParOldGen       total 1373696K, used 427K [0x0000000080200000, 0x00000000d3f80000, 0x0000000580100000)
  object space 1373696K, 0% used [0x0000000080200000,0x000000008026ae70,0x00000000d3f80000)
 Metaspace       used 3771K, capacity 4494K, committed 4864K, reserved 1056768K
  class space    used 366K, capacity 386K, committed 512K, reserved 1048576K
}
Event: 389.917 GC heap before
{Heap before GC invocations=41 (full 20):
 PSYoungGen      total 601088K, used 10311K [0x0000000580100000, 0x00000005a9f80000, 0x0000000800000000)
  eden space 515584K, 2% used [0x0000000580100000,0x0000000580b11ef8,0x000000059f880000)
  from space 85504K, 0% used [0x00000005a4c00000,0x00000005a4c00000,0x00000005a9f80000)
  to   space 85504K, 0% used [0x000000059f880000,0x000000059f880000,0x00000005a4c00000)
 ParOldGen       total 1373696K, used 427K [0x0000000080200000, 0x00000000d3f80000, 0x0000000580100000)
  object space 1373696K, 0% used [0x0000000080200000,0x000000008026ae70,0x00000000d3f80000)
 Metaspace       used 3771K, capacity 4494K, committed 4864K, reserved 1056768K
  class space    used 366K, capacity 386K, committed 512K, reserved 1048576K
Event: 389.921 GC heap after
Heap after GC invocations=41 (full 20):
 PSYoungGen      total 601088K, used 71K [0x0000000580100000, 0x00000005a9f80000, 0x0000000800000000)
  eden space 515584K, 0% used [0x0000000580100000,0x0000000580100000,0x000000059f880000)
  from space 85504K, 0% used [0x000000059f880000,0x000000059f891c50,0x00000005a4c00000)
  to   space 85504K, 0% used [0x00000005a4c00000,0x00000005a4c00000,0x00000005a9f80000)
 ParOldGen       total 1373696K, used 427K [0x0000000080200000, 0x00000000d3f80000, 0x0000000580100000)
  object space 1373696K, 0% used [0x0000000080200000,0x000000008026ae70,0x00000000d3f80000)
 Metaspace       used 3771K, capacity 4494K, committed 4864K, reserved 1056768K
  class space    used 366K, capacity 386K, committed 512K, reserved 1048576K
}
Event: 389.922 GC heap before
{Heap before GC invocations=42 (full 21):
 PSYoungGen      total 601088K, used 71K [0x0000000580100000, 0x00000005a9f80000, 0x0000000800000000)
  eden space 515584K, 0% used [0x0000000580100000,0x0000000580100000,0x000000059f880000)
  from space 85504K, 0% used [0x000000059f880000,0x000000059f891c50,0x00000005a4c00000)
  to   space 85504K, 0% used [0x00000005a4c00000,0x00000005a4c00000,0x00000005a9f80000)
 ParOldGen       total 1373696K, used 427K [0x0000000080200000, 0x00000000d3f80000, 0x0000000580100000)
  object space 1373696K, 0% used [0x0000000080200000,0x000000008026ae70,0x00000000d3f80000)
 Metaspace       used 3771K, capacity 4494K, committed 4864K, reserved 1056768K
  class space    used 366K, capacity 386K, committed 512K, reserved 1048576K
Event: 389.939 GC heap after
Heap after GC invocations=42 (full 21):
 PSYoungGen      total 601088K, used 0K [0x0000000580100000, 0x00000005a9f80000, 0x0000000800000000)
  eden space 515584K, 0% used [0x0000000580100000,0x0000000580100000,0x000000059f880000)
  from space 85504K, 0% used [0x000000059f880000,0x000000059f880000,0x00000005a4c00000)
  to   space 85504K, 0% used [0x00000005a4c00000,0x00000005a4c00000,0x00000005a9f80000)
 ParOldGen       total 1373696K, used 462K [0x0000000080200000, 0x00000000d3f80000, 0x0000000580100000)
  object space 1373696K, 0% used [0x0000000080200000,0x0000000080273bf0,0x00000000d3f80000)
 Metaspace       used 3771K, capacity 4494K, committed 4864K, reserved 1056768K
  class space    used 366K, capacity 386K, committed 512K, reserved 1048576K
}
Event: 488.953 GC heap before
{Heap before GC invocations=43 (full 21):
 PSYoungGen      total 601088K, used 10311K [0x0000000580100000, 0x00000005a9f80000, 0x0000000800000000)
  eden space 515584K, 2% used [0x0000000580100000,0x0000000580b11ef8,0x000000059f880000)
  from space 85504K, 0% used [0x000000059f880000,0x000000059f880000,0x00000005a4c00000)
  to   space 85504K, 0% used [0x00000005a4c00000,0x00000005a4c00000,0x00000005a9f80000)
 ParOldGen       total 1373696K, used 462K [0x0000000080200000, 0x00000000d3f80000, 0x0000000580100000)
  object space 1373696K, 0% used [0x0000000080200000,0x0000000080273bf0,0x00000000d3f80000)
 Metaspace       used 3772K, capacity 4494K, committed 4864K, reserved 1056768K
  class space    used 366K, capacity 386K, committed 512K, reserved 1048576K
Event: 488.960 GC heap after
Heap after GC invocations=43 (full 21):
 PSYoungGen      total 601088K, used 32K [0x0000000580100000, 0x00000005a9f80000, 0x0000000800000000)
  eden space 515584K, 0% used [0x0000000580100000,0x0000000580100000,0x000000059f880000)
  from space 85504K, 0% used [0x00000005a4c00000,0x00000005a4c08000,0x00000005a9f80000)
  to   space 85504K, 0% used [0x000000059f880000,0x000000059f880000,0x00000005a4c00000)
 ParOldGen       total 1373696K, used 462K [0x0000000080200000, 0x00000000d3f80000, 0x0000000580100000)
  object space 1373696K, 0% used [0x0000000080200000,0x0000000080273bf0,0x00000000d3f80000)
 Metaspace       used 3772K, capacity 4494K, committed 4864K, reserved 1056768K
  class space    used 366K, capacity 386K, committed 512K, reserved 1048576K
}
Event: 488.960 GC heap before
{Heap before GC invocations=44 (full 22):
 PSYoungGen      total 601088K, used 32K [0x0000000580100000, 0x00000005a9f80000, 0x0000000800000000)
  eden space 515584K, 0% used [0x0000000580100000,0x0000000580100000,0x000000059f880000)
  from space 85504K, 0% used [0x00000005a4c00000,0x00000005a4c08000,0x00000005a9f80000)
  to   space 85504K, 0% used [0x000000059f880000,0x000000059f880000,0x00000005a4c00000)
 ParOldGen       total 1373696K, used 462K [0x0000000080200000, 0x00000000d3f80000, 0x0000000580100000)
  object space 1373696K, 0% used [0x0000000080200000,0x0000000080273bf0,0x00000000d3f80000)
 Metaspace       used 3772K, capacity 4494K, committed 4864K, reserved 1056768K
  class space    used 366K, capacity 386K, committed 512K, reserved 1048576K
Event: 488.993 GC heap after
Heap after GC invocations=44 (full 22):
 PSYoungGen      total 601088K, used 0K [0x0000000580100000, 0x00000005a9f80000, 0x0000000800000000)
  eden space 515584K, 0% used [0x0000000580100000,0x0000000580100000,0x000000059f880000)
  from space 85504K, 0% used [0x00000005a4c00000,0x00000005a4c00000,0x00000005a9f80000)
  to   space 85504K, 0% used [0x000000059f880000,0x000000059f880000,0x00000005a4c00000)
 ParOldGen       total 1373696K, used 462K [0x0000000080200000, 0x00000000d3f80000, 0x0000000580100000)
  object space 1373696K, 0% used [0x0000000080200000,0x0000000080273bf0,0x00000000d3f80000)
 Metaspace       used 3772K, capacity 4494K, committed 4864K, reserved 1056768K
  class space    used 366K, capacity 386K, committed 512K, reserved 1048576K
}
Event: 502.709 GC heap before
{Heap before GC invocations=45 (full 22):
 PSYoungGen      total 601088K, used 10311K [0x0000000580100000, 0x00000005a9f80000, 0x0000000800000000)
  eden space 515584K, 2% used [0x0000000580100000,0x0000000580b11ec8,0x000000059f880000)
  from space 85504K, 0% used [0x00000005a4c00000,0x00000005a4c00000,0x00000005a9f80000)
  to   space 85504K, 0% used [0x000000059f880000,0x000000059f880000,0x00000005a4c00000)
 ParOldGen       total 1373696K, used 462K [0x0000000080200000, 0x00000000d3f80000, 0x0000000580100000)
  object space 1373696K, 0% used [0x0000000080200000,0x0000000080273bf0,0x00000000d3f80000)
 Metaspace       used 3773K, capacity 4494K, committed 4864K, reserved 1056768K
  class space    used 366K, capacity 386K, committed 512K, reserved 1048576K
Event: 502.712 GC heap after
Heap after GC invocations=45 (full 22):
 PSYoungGen      total 601088K, used 64K [0x0000000580100000, 0x00000005a9f80000, 0x0000000800000000)
  eden space 515584K, 0% used [0x0000000580100000,0x0000000580100000,0x000000059f880000)
  from space 85504K, 0% used [0x000000059f880000,0x000000059f890000,0x00000005a4c00000)
  to   space 85504K, 0% used [0x00000005a4c00000,0x00000005a4c00000,0x00000005a9f80000)
 ParOldGen       total 1373696K, used 462K [0x0000000080200000, 0x00000000d3f80000, 0x0000000580100000)
  object space 1373696K, 0% used [0x0000000080200000,0x0000000080273bf0,0x00000000d3f80000)
 Metaspace       used 3773K, capacity 4494K, committed 4864K, reserved 1056768K
  class space    used 366K, capacity 386K, committed 512K, reserved 1048576K
}
Event: 502.712 GC heap before
{Heap before GC invocations=46 (full 23):
 PSYoungGen      total 601088K, used 64K [0x0000000580100000, 0x00000005a9f80000, 0x0000000800000000)
  eden space 515584K, 0% used [0x0000000580100000,0x0000000580100000,0x000000059f880000)
  from space 85504K, 0% used [0x000000059f880000,0x000000059f890000,0x00000005a4c00000)
  to   space 85504K, 0% used [0x00000005a4c00000,0x00000005a4c00000,0x00000005a9f80000)
 ParOldGen       total 1373696K, used 462K [0x0000000080200000, 0x00000000d3f80000, 0x0000000580100000)
  object space 1373696K, 0% used [0x0000000080200000,0x0000000080273bf0,0x00000000d3f80000)
 Metaspace       used 3773K, capacity 4494K, committed 4864K, reserved 1056768K
  class space    used 366K, capacity 386K, committed 512K, reserved 1048576K
Event: 502.730 GC heap after
Heap after GC invocations=46 (full 23):
 PSYoungGen      total 601088K, used 0K [0x0000000580100000, 0x00000005a9f80000, 0x0000000800000000)
  eden space 515584K, 0% used [0x0000000580100000,0x0000000580100000,0x000000059f880000)
  from space 85504K, 0% used [0x000000059f880000,0x000000059f880000,0x00000005a4c00000)
  to   space 85504K, 0% used [0x00000005a4c00000,0x00000005a4c00000,0x00000005a9f80000)
 ParOldGen       total 1373696K, used 462K [0x0000000080200000, 0x00000000d3f80000, 0x0000000580100000)
  object space 1373696K, 0% used [0x0000000080200000,0x0000000080273bf0,0x00000000d3f80000)
 Metaspace       used 3773K, capacity 4494K, committed 4864K, reserved 1056768K
  class space    used 366K, capacity 386K, committed 512K, reserved 1048576K
}
Event: 504.507 GC heap before
{Heap before GC invocations=47 (full 23):
 PSYoungGen      total 601088K, used 10311K [0x0000000580100000, 0x00000005a9f80000, 0x0000000800000000)
  eden space 515584K, 2% used [0x0000000580100000,0x0000000580b11ec8,0x000000059f880000)
  from space 85504K, 0% used [0x000000059f880000,0x000000059f880000,0x00000005a4c00000)
  to   space 85504K, 0% used [0x00000005a4c00000,0x00000005a4c00000,0x00000005a9f80000)
 ParOldGen       total 1373696K, used 462K [0x0000000080200000, 0x00000000d3f80000, 0x0000000580100000)
  object space 1373696K, 0% used [0x0000000080200000,0x0000000080273bf0,0x00000000d3f80000)
 Metaspace       used 3773K, capacity 4494K, committed 4864K, reserved 1056768K
  class space    used 366K, capacity 386K, committed 512K, reserved 1048576K
Event: 504.511 GC heap after
Heap after GC invocations=47 (full 23):
 PSYoungGen      total 601088K, used 32K [0x0000000580100000, 0x00000005a9f80000, 0x0000000800000000)
  eden space 515584K, 0% used [0x0000000580100000,0x0000000580100000,0x000000059f880000)
  from space 85504K, 0% used [0x00000005a4c00000,0x00000005a4c08000,0x00000005a9f80000)
  to   space 85504K, 0% used [0x000000059f880000,0x000000059f880000,0x00000005a4c00000)
 ParOldGen       total 1373696K, used 462K [0x0000000080200000, 0x00000000d3f80000, 0x0000000580100000)
  object space 1373696K, 0% used [0x0000000080200000,0x0000000080273bf0,0x00000000d3f80000)
 Metaspace       used 3773K, capacity 4494K, committed 4864K, reserved 1056768K
  class space    used 366K, capacity 386K, committed 512K, reserved 1048576K
}
Event: 504.511 GC heap before
{Heap before GC invocations=48 (full 24):
 PSYoungGen      total 601088K, used 32K [0x0000000580100000, 0x00000005a9f80000, 0x0000000800000000)
  eden space 515584K, 0% used [0x0000000580100000,0x0000000580100000,0x000000059f880000)
  from space 85504K, 0% used [0x00000005a4c00000,0x00000005a4c08000,0x00000005a9f80000)
  to   space 85504K, 0% used [0x000000059f880000,0x000000059f880000,0x00000005a4c00000)
 ParOldGen       total 1373696K, used 462K [0x0000000080200000, 0x00000000d3f80000, 0x0000000580100000)
  object space 1373696K, 0% used [0x0000000080200000,0x0000000080273bf0,0x00000000d3f80000)
 Metaspace       used 3773K, capacity 4494K, committed 4864K, reserved 1056768K
  class space    used 366K, capacity 386K, committed 512K, reserved 1048576K
Event: 504.528 GC heap after
Heap after GC invocations=48 (full 24):
 PSYoungGen      total 601088K, used 0K [0x0000000580100000, 0x00000005a9f80000, 0x0000000800000000)
  eden space 515584K, 0% used [0x0000000580100000,0x0000000580100000,0x000000059f880000)
  from space 85504K, 0% used [0x00000005a4c00000,0x00000005a4c00000,0x00000005a9f80000)
  to   space 85504K, 0% used [0x000000059f880000,0x000000059f880000,0x00000005a4c00000)
 ParOldGen       total 1373696K, used 462K [0x0000000080200000, 0x00000000d3f80000, 0x0000000580100000)
  object space 1373696K, 0% used [0x0000000080200000,0x0000000080273bf0,0x00000000d3f80000)
 Metaspace       used 3773K, capacity 4494K, committed 4864K, reserved 1056768K
  class space    used 366K, capacity 386K, committed 512K, reserved 1048576K
}
Event: 517.941 GC heap before
{Heap before GC invocations=49 (full 24):
 PSYoungGen      total 601088K, used 10311K [0x0000000580100000, 0x00000005a9f80000, 0x0000000800000000)
  eden space 515584K, 2% used [0x0000000580100000,0x0000000580b11ec8,0x000000059f880000)
  from space 85504K, 0% used [0x00000005a4c00000,0x00000005a4c00000,0x00000005a9f80000)
  to   space 85504K, 0% used [0x000000059f880000,0x000000059f880000,0x00000005a4c00000)
 ParOldGen       total 1373696K, used 462K [0x0000000080200000, 0x00000000d3f80000, 0x0000000580100000)
  object space 1373696K, 0% used [0x0000000080200000,0x0000000080273bf0,0x00000000d3f80000)
 Metaspace       used 3773K, capacity 4494K, committed 4864K, reserved 1056768K
  class space    used 366K, capacity 386K, committed 512K, reserved 1048576K
Event: 517.944 GC heap after
Heap after GC invocations=49 (full 24):
 PSYoungGen      total 601088K, used 32K [0x0000000580100000, 0x00000005a9f80000, 0x0000000800000000)
  eden space 515584K, 0% used [0x0000000580100000,0x0000000580100000,0x000000059f880000)
  from space 85504K, 0% used [0x000000059f880000,0x000000059f888000,0x00000005a4c00000)
  to   space 85504K, 0% used [0x00000005a4c00000,0x00000005a4c00000,0x00000005a9f80000)
 ParOldGen       total 1373696K, used 462K [0x0000000080200000, 0x00000000d3f80000, 0x0000000580100000)
  object space 1373696K, 0% used [0x0000000080200000,0x0000000080273bf0,0x00000000d3f80000)
 Metaspace       used 3773K, capacity 4494K, committed 4864K, reserved 1056768K
  class space    used 366K, capacity 386K, committed 512K, reserved 1048576K
}
Event: 517.944 GC heap before
{Heap before GC invocations=50 (full 25):
 PSYoungGen      total 601088K, used 32K [0x0000000580100000, 0x00000005a9f80000, 0x0000000800000000)
  eden space 515584K, 0% used [0x0000000580100000,0x0000000580100000,0x000000059f880000)
  from space 85504K, 0% used [0x000000059f880000,0x000000059f888000,0x00000005a4c00000)
  to   space 85504K, 0% used [0x00000005a4c00000,0x00000005a4c00000,0x00000005a9f80000)
 ParOldGen       total 1373696K, used 462K [0x0000000080200000, 0x00000000d3f80000, 0x0000000580100000)
  object space 1373696K, 0% used [0x0000000080200000,0x0000000080273bf0,0x00000000d3f80000)
 Metaspace       used 3773K, capacity 4494K, committed 4864K, reserved 1056768K
  class space    used 366K, capacity 386K, committed 512K, reserved 1048576K
Event: 517.956 GC heap after
Heap after GC invocations=50 (full 25):
 PSYoungGen      total 601088K, used 0K [0x0000000580100000, 0x00000005a9f80000, 0x0000000800000000)
  eden space 515584K, 0% used [0x0000000580100000,0x0000000580100000,0x000000059f880000)
  from space 85504K, 0% used [0x000000059f880000,0x000000059f880000,0x00000005a4c00000)
  to   space 85504K, 0% used [0x00000005a4c00000,0x00000005a4c00000,0x00000005a9f80000)
 ParOldGen       total 1373696K, used 462K [0x0000000080200000, 0x00000000d3f80000, 0x0000000580100000)
  object space 1373696K, 0% used [0x0000000080200000,0x0000000080273bf0,0x00000000d3f80000)
 Metaspace       used 3773K, capacity 4494K, committed 4864K, reserved 1056768K
  class space    used 366K, capacity 386K, committed 512K, reserved 1048576K
}
Event: 593.420 GC heap before
{Heap before GC invocations=51 (full 25):
 PSYoungGen      total 601088K, used 10311K [0x0000000580100000, 0x00000005a9f80000, 0x0000000800000000)
  eden space 515584K, 2% used [0x0000000580100000,0x0000000580b11ec8,0x000000059f880000)
  from space 85504K, 0% used [0x000000059f880000,0x000000059f880000,0x00000005a4c00000)
  to   space 85504K, 0% used [0x00000005a4c00000,0x00000005a4c00000,0x00000005a9f80000)
 ParOldGen       total 1373696K, used 462K [0x0000000080200000, 0x00000000d3f80000, 0x0000000580100000)
  object space 1373696K, 0% used [0x0000000080200000,0x0000000080273bf0,0x00000000d3f80000)
 Metaspace       used 3773K, capacity 4494K, committed 4864K, reserved 1056768K
  class space    used 366K, capacity 386K, committed 512K, reserved 1048576K
Event: 593.425 GC heap after
Heap after GC invocations=51 (full 25):
 PSYoungGen      total 601088K, used 32K [0x0000000580100000, 0x00000005a9f80000, 0x0000000800000000)
  eden space 515584K, 0% used [0x0000000580100000,0x0000000580100000,0x000000059f880000)
  from space 85504K, 0% used [0x00000005a4c00000,0x00000005a4c08000,0x00000005a9f80000)
  to   space 85504K, 0% used [0x000000059f880000,0x000000059f880000,0x00000005a4c00000)
 ParOldGen       total 1373696K, used 462K [0x0000000080200000, 0x00000000d3f80000, 0x0000000580100000)
  object space 1373696K, 0% used [0x0000000080200000,0x0000000080273bf0,0x00000000d3f80000)
 Metaspace       used 3773K, capacity 4494K, committed 4864K, reserved 1056768K
  class space    used 366K, capacity 386K, committed 512K, reserved 1048576K
}
Event: 593.425 GC heap before
{Heap before GC invocations=52 (full 26):
 PSYoungGen      total 601088K, used 32K [0x0000000580100000, 0x00000005a9f80000, 0x0000000800000000)
  eden space 515584K, 0% used [0x0000000580100000,0x0000000580100000,0x000000059f880000)
  from space 85504K, 0% used [0x00000005a4c00000,0x00000005a4c08000,0x00000005a9f80000)
  to   space 85504K, 0% used [0x000000059f880000,0x000000059f880000,0x00000005a4c00000)
 ParOldGen       total 1373696K, used 462K [0x0000000080200000, 0x00000000d3f80000, 0x0000000580100000)
  object space 1373696K, 0% used [0x0000000080200000,0x0000000080273bf0,0x00000000d3f80000)
 Metaspace       used 3773K, capacity 4494K, committed 4864K, reserved 1056768K
  class space    used 366K, capacity 386K, committed 512K, reserved 1048576K
Event: 593.445 GC heap after
Heap after GC invocations=52 (full 26):
 PSYoungGen      total 601088K, used 0K [0x0000000580100000, 0x00000005a9f80000, 0x0000000800000000)
  eden space 515584K, 0% used [0x0000000580100000,0x0000000580100000,0x000000059f880000)
  from space 85504K, 0% used [0x00000005a4c00000,0x00000005a4c00000,0x00000005a9f80000)
  to   space 85504K, 0% used [0x000000059f880000,0x000000059f880000,0x00000005a4c00000)
 ParOldGen       total 1373696K, used 462K [0x0000000080200000, 0x00000000d3f80000, 0x0000000580100000)
  object space 1373696K, 0% used [0x0000000080200000,0x0000000080273bf0,0x00000000d3f80000)
 Metaspace       used 3773K, capacity 4494K, committed 4864K, reserved 1056768K
  class space    used 366K, capacity 386K, committed 512K, reserved 1048576K
}
Event: 594.595 GC heap before
{Heap before GC invocations=53 (full 26):
 PSYoungGen      total 601088K, used 10311K [0x0000000580100000, 0x00000005a9f80000, 0x0000000800000000)
  eden space 515584K, 2% used [0x0000000580100000,0x0000000580b11ec8,0x000000059f880000)
  from space 85504K, 0% used [0x00000005a4c00000,0x00000005a4c00000,0x00000005a9f80000)
  to   space 85504K, 0% used [0x000000059f880000,0x000000059f880000,0x00000005a4c00000)
 ParOldGen       total 1373696K, used 462K [0x0000000080200000, 0x00000000d3f80000, 0x0000000580100000)
  object space 1373696K, 0% used [0x0000000080200000,0x0000000080273bf0,0x00000000d3f80000)
 Metaspace       used 3773K, capacity 4494K, committed 4864K, reserved 1056768K
  class space    used 366K, capacity 386K, committed 512K, reserved 1048576K
Event: 594.598 GC heap after
Heap after GC invocations=53 (full 26):
 PSYoungGen      total 601088K, used 64K [0x0000000580100000, 0x00000005a9f80000, 0x0000000800000000)
  eden space 515584K, 0% used [0x0000000580100000,0x0000000580100000,0x000000059f880000)
  from space 85504K, 0% used [0x000000059f880000,0x000000059f890000,0x00000005a4c00000)
  to   space 85504K, 0% used [0x00000005a4c00000,0x00000005a4c00000,0x00000005a9f80000)
 ParOldGen       total 1373696K, used 462K [0x0000000080200000, 0x00000000d3f80000, 0x0000000580100000)
  object space 1373696K, 0% used [0x0000000080200000,0x0000000080273bf0,0x00000000d3f80000)
 Metaspace       used 3773K, capacity 4494K, committed 4864K, reserved 1056768K
  class space    used 366K, capacity 386K, committed 512K, reserved 1048576K
}
Event: 594.598 GC heap before
{Heap before GC invocations=54 (full 27):
 PSYoungGen      total 601088K, used 64K [0x0000000580100000, 0x00000005a9f80000, 0x0000000800000000)
  eden space 515584K, 0% used [0x0000000580100000,0x0000000580100000,0x000000059f880000)
  from space 85504K, 0% used [0x000000059f880000,0x000000059f890000,0x00000005a4c00000)
  to   space 85504K, 0% used [0x00000005a4c00000,0x00000005a4c00000,0x00000005a9f80000)
 ParOldGen       total 1373696K, used 462K [0x0000000080200000, 0x00000000d3f80000, 0x0000000580100000)
  object space 1373696K, 0% used [0x0000000080200000,0x0000000080273bf0,0x00000000d3f80000)
 Metaspace       used 3773K, capacity 4494K, committed 4864K, reserved 1056768K
  class space    used 366K, capacity 386K, committed 512K, reserved 1048576K
Event: 594.614 GC heap after
Heap after GC invocations=54 (full 27):
 PSYoungGen      total 601088K, used 0K [0x0000000580100000, 0x00000005a9f80000, 0x0000000800000000)
  eden space 515584K, 0% used [0x0000000580100000,0x0000000580100000,0x000000059f880000)
  from space 85504K, 0% used [0x000000059f880000,0x000000059f880000,0x00000005a4c00000)
  to   space 85504K, 0% used [0x00000005a4c00000,0x00000005a4c00000,0x00000005a9f80000)
 ParOldGen       total 1373696K, used 462K [0x0000000080200000, 0x00000000d3f80000, 0x0000000580100000)
  object space 1373696K, 0% used [0x0000000080200000,0x0000000080273bf0,0x00000000d3f80000)
 Metaspace       used 3773K, capacity 4494K, committed 4864K, reserved 1056768K
  class space    used 366K, capacity 386K, committed 512K, reserved 1048576K
}
Event: 607.913 GC heap before
{Heap before GC invocations=55 (full 27):
 PSYoungGen      total 601088K, used 10311K [0x0000000580100000, 0x00000005a9f80000, 0x0000000800000000)
  eden space 515584K, 2% used [0x0000000580100000,0x0000000580b11ec8,0x000000059f880000)
  from space 85504K, 0% used [0x000000059f880000,0x000000059f880000,0x00000005a4c00000)
  to   space 85504K, 0% used [0x00000005a4c00000,0x00000005a4c00000,0x00000005a9f80000)
 ParOldGen       total 1373696K, used 462K [0x0000000080200000, 0x00000000d3f80000, 0x0000000580100000)
  object space 1373696K, 0% used [0x0000000080200000,0x0000000080273bf0,0x00000000d3f80000)
 Metaspace       used 3773K, capacity 4494K, committed 4864K, reserved 1056768K
  class space    used 366K, capacity 386K, committed 512K, reserved 1048576K
Event: 607.917 GC heap after
Heap after GC invocations=55 (full 27):
 PSYoungGen      total 601088K, used 32K [0x0000000580100000, 0x00000005a9f80000, 0x0000000800000000)
  eden space 515584K, 0% used [0x0000000580100000,0x0000000580100000,0x000000059f880000)
  from space 85504K, 0% used [0x00000005a4c00000,0x00000005a4c08000,0x00000005a9f80000)
  to   space 85504K, 0% used [0x000000059f880000,0x000000059f880000,0x00000005a4c00000)
 ParOldGen       total 1373696K, used 462K [0x0000000080200000, 0x00000000d3f80000, 0x0000000580100000)
  object space 1373696K, 0% used [0x0000000080200000,0x0000000080273bf0,0x00000000d3f80000)
 Metaspace       used 3773K, capacity 4494K, committed 4864K, reserved 1056768K
  class space    used 366K, capacity 386K, committed 512K, reserved 1048576K
}
Event: 607.917 GC heap before
{Heap before GC invocations=56 (full 28):
 PSYoungGen      total 601088K, used 32K [0x0000000580100000, 0x00000005a9f80000, 0x0000000800000000)
  eden space 515584K, 0% used [0x0000000580100000,0x0000000580100000,0x000000059f880000)
  from space 85504K, 0% used [0x00000005a4c00000,0x00000005a4c08000,0x00000005a9f80000)
  to   space 85504K, 0% used [0x000000059f880000,0x000000059f880000,0x00000005a4c00000)
 ParOldGen       total 1373696K, used 462K [0x0000000080200000, 0x00000000d3f80000, 0x0000000580100000)
  object space 1373696K, 0% used [0x0000000080200000,0x0000000080273bf0,0x00000000d3f80000)
 Metaspace       used 3773K, capacity 4494K, committed 4864K, reserved 1056768K
  class space    used 366K, capacity 386K, committed 512K, reserved 1048576K
Event: 607.931 GC heap after
Heap after GC invocations=56 (full 28):
 PSYoungGen      total 601088K, used 0K [0x0000000580100000, 0x00000005a9f80000, 0x0000000800000000)
  eden space 515584K, 0% used [0x0000000580100000,0x0000000580100000,0x000000059f880000)
  from space 85504K, 0% used [0x00000005a4c00000,0x00000005a4c00000,0x00000005a9f80000)
  to   space 85504K, 0% used [0x000000059f880000,0x000000059f880000,0x00000005a4c00000)
 ParOldGen       total 1373696K, used 462K [0x0000000080200000, 0x00000000d3f80000, 0x0000000580100000)
  object space 1373696K, 0% used [0x0000000080200000,0x0000000080273bf0,0x00000000d3f80000)
 Metaspace       used 3773K, capacity 4494K, committed 4864K, reserved 1056768K
  class space    used 366K, capacity 386K, committed 512K, reserved 1048576K
}
Event: 651.223 GC heap before
{Heap before GC invocations=57 (full 28):
 PSYoungGen      total 601088K, used 10311K [0x0000000580100000, 0x00000005a9f80000, 0x0000000800000000)
  eden space 515584K, 2% used [0x0000000580100000,0x0000000580b11ec8,0x000000059f880000)
  from space 85504K, 0% used [0x00000005a4c00000,0x00000005a4c00000,0x00000005a9f80000)
  to   space 85504K, 0% used [0x000000059f880000,0x000000059f880000,0x00000005a4c00000)
 ParOldGen       total 1373696K, used 462K [0x0000000080200000, 0x00000000d3f80000, 0x0000000580100000)
  object space 1373696K, 0% used [0x0000000080200000,0x0000000080273bf0,0x00000000d3f80000)
 Metaspace       used 3773K, capacity 4494K, committed 4864K, reserved 1056768K
  class space    used 366K, capacity 386K, committed 512K, reserved 1048576K
Event: 651.227 GC heap after
Heap after GC invocations=57 (full 28):
 PSYoungGen      total 601088K, used 32K [0x0000000580100000, 0x00000005a9f80000, 0x0000000800000000)
  eden space 515584K, 0% used [0x0000000580100000,0x0000000580100000,0x000000059f880000)
  from space 85504K, 0% used [0x000000059f880000,0x000000059f888000,0x00000005a4c00000)
  to   space 85504K, 0% used [0x00000005a4c00000,0x00000005a4c00000,0x00000005a9f80000)
 ParOldGen       total 1373696K, used 462K [0x0000000080200000, 0x00000000d3f80000, 0x0000000580100000)
  object space 1373696K, 0% used [0x0000000080200000,0x0000000080273bf0,0x00000000d3f80000)
 Metaspace       used 3773K, capacity 4494K, committed 4864K, reserved 1056768K
  class space    used 366K, capacity 386K, committed 512K, reserved 1048576K
}
Event: 651.227 GC heap before
{Heap before GC invocations=58 (full 29):
 PSYoungGen      total 601088K, used 32K [0x0000000580100000, 0x00000005a9f80000, 0x0000000800000000)
  eden space 515584K, 0% used [0x0000000580100000,0x0000000580100000,0x000000059f880000)
  from space 85504K, 0% used [0x000000059f880000,0x000000059f888000,0x00000005a4c00000)
  to   space 85504K, 0% used [0x00000005a4c00000,0x00000005a4c00000,0x00000005a9f80000)
 ParOldGen       total 1373696K, used 462K [0x0000000080200000, 0x00000000d3f80000, 0x0000000580100000)
  object space 1373696K, 0% used [0x0000000080200000,0x0000000080273bf0,0x00000000d3f80000)
 Metaspace       used 3773K, capacity 4494K, committed 4864K, reserved 1056768K
  class space    used 366K, capacity 386K, committed 512K, reserved 1048576K
Event: 651.245 GC heap after
Heap after GC invocations=58 (full 29):
 PSYoungGen      total 601088K, used 0K [0x0000000580100000, 0x00000005a9f80000, 0x0000000800000000)
  eden space 515584K, 0% used [0x0000000580100000,0x0000000580100000,0x000000059f880000)
  from space 85504K, 0% used [0x000000059f880000,0x000000059f880000,0x00000005a4c00000)
  to   space 85504K, 0% used [0x00000005a4c00000,0x00000005a4c00000,0x00000005a9f80000)
 ParOldGen       total 1373696K, used 462K [0x0000000080200000, 0x00000000d3f80000, 0x0000000580100000)
  object space 1373696K, 0% used [0x0000000080200000,0x0000000080273bf0,0x00000000d3f80000)
 Metaspace       used 3773K, capacity 4494K, committed 4864K, reserved 1056768K
  class space    used 366K, capacity 386K, committed 512K, reserved 1048576K
}
Event: 781.803 GC heap before
{Heap before GC invocations=59 (full 29):
 PSYoungGen      total 601088K, used 10311K [0x0000000580100000, 0x00000005a9f80000, 0x0000000800000000)
  eden space 515584K, 2% used [0x0000000580100000,0x0000000580b11ec8,0x000000059f880000)
  from space 85504K, 0% used [0x000000059f880000,0x000000059f880000,0x00000005a4c00000)
  to   space 85504K, 0% used [0x00000005a4c00000,0x00000005a4c00000,0x00000005a9f80000)
 ParOldGen       total 1373696K, used 462K [0x0000000080200000, 0x00000000d3f80000, 0x0000000580100000)
  object space 1373696K, 0% used [0x0000000080200000,0x0000000080273bf0,0x00000000d3f80000)
 Metaspace       used 3774K, capacity 4494K, committed 4864K, reserved 1056768K
  class space    used 366K, capacity 386K, committed 512K, reserved 1048576K
Event: 781.808 GC heap after
Heap after GC invocations=59 (full 29):
 PSYoungGen      total 601088K, used 32K [0x0000000580100000, 0x00000005a9f80000, 0x0000000800000000)
  eden space 515584K, 0% used [0x0000000580100000,0x0000000580100000,0x000000059f880000)
  from space 85504K, 0% used [0x00000005a4c00000,0x00000005a4c08000,0x00000005a9f80000)
  to   space 85504K, 0% used [0x000000059f880000,0x000000059f880000,0x00000005a4c00000)
 ParOldGen       total 1373696K, used 462K [0x0000000080200000, 0x00000000d3f80000, 0x0000000580100000)
  object space 1373696K, 0% used [0x0000000080200000,0x0000000080273bf0,0x00000000d3f80000)
 Metaspace       used 3774K, capacity 4494K, committed 4864K, reserved 1056768K
  class space    used 366K, capacity 386K, committed 512K, reserved 1048576K
}
Event: 781.808 GC heap before
{Heap before GC invocations=60 (full 30):
 PSYoungGen      total 601088K, used 32K [0x0000000580100000, 0x00000005a9f80000, 0x0000000800000000)
  eden space 515584K, 0% used [0x0000000580100000,0x0000000580100000,0x000000059f880000)
  from space 85504K, 0% used [0x00000005a4c00000,0x00000005a4c08000,0x00000005a9f80000)
  to   space 85504K, 0% used [0x000000059f880000,0x000000059f880000,0x00000005a4c00000)
 ParOldGen       total 1373696K, used 462K [0x0000000080200000, 0x00000000d3f80000, 0x0000000580100000)
  object space 1373696K, 0% used [0x0000000080200000,0x0000000080273bf0,0x00000000d3f80000)
 Metaspace       used 3774K, capacity 4494K, committed 4864K, reserved 1056768K
  class space    used 366K, capacity 386K, committed 512K, reserved 1048576K
Event: 781.828 GC heap after
Heap after GC invocations=60 (full 30):
 PSYoungGen      total 601088K, used 0K [0x0000000580100000, 0x00000005a9f80000, 0x0000000800000000)
  eden space 515584K, 0% used [0x0000000580100000,0x0000000580100000,0x000000059f880000)
  from space 85504K, 0% used [0x00000005a4c00000,0x00000005a4c00000,0x00000005a9f80000)
  to   space 85504K, 0% used [0x000000059f880000,0x000000059f880000,0x00000005a4c00000)
 ParOldGen       total 1373696K, used 462K [0x0000000080200000, 0x00000000d3f80000, 0x0000000580100000)
  object space 1373696K, 0% used [0x0000000080200000,0x0000000080273bf0,0x00000000d3f80000)
 Metaspace       used 3774K, capacity 4494K, committed 4864K, reserved 1056768K
  class space    used 366K, capacity 386K, committed 512K, reserved 1048576K
}
Event: 794.723 GC heap before
{Heap before GC invocations=61 (full 30):
 PSYoungGen      total 601088K, used 10311K [0x0000000580100000, 0x00000005a9f80000, 0x0000000800000000)
  eden space 515584K, 2% used [0x0000000580100000,0x0000000580b11ec8,0x000000059f880000)
  from space 85504K, 0% used [0x00000005a4c00000,0x00000005a4c00000,0x00000005a9f80000)
  to   space 85504K, 0% used [0x000000059f880000,0x000000059f880000,0x00000005a4c00000)
 ParOldGen       total 1373696K, used 462K [0x0000000080200000, 0x00000000d3f80000, 0x0000000580100000)
  object space 1373696K, 0% used [0x0000000080200000,0x0000000080273bf0,0x00000000d3f80000)
 Metaspace       used 3775K, capacity 4494K, committed 4864K, reserved 1056768K
  class space    used 366K, capacity 386K, committed 512K, reserved 1048576K
Event: 794.728 GC heap after
Heap after GC invocations=61 (full 30):
 PSYoungGen      total 601088K, used 64K [0x0000000580100000, 0x00000005a9f80000, 0x0000000800000000)
  eden space 515584K, 0% used [0x0000000580100000,0x0000000580100000,0x000000059f880000)
  from space 85504K, 0% used [0x000000059f880000,0x000000059f890000,0x00000005a4c00000)
  to   space 85504K, 0% used [0x00000005a4c00000,0x00000005a4c00000,0x00000005a9f80000)
 ParOldGen       total 1373696K, used 462K [0x0000000080200000, 0x00000000d3f80000, 0x0000000580100000)
  object space 1373696K, 0% used [0x0000000080200000,0x0000000080273bf0,0x00000000d3f80000)
 Metaspace       used 3775K, capacity 4494K, committed 4864K, reserved 1056768K
  class space    used 366K, capacity 386K, committed 512K, reserved 1048576K
}
Event: 794.728 GC heap before
{Heap before GC invocations=62 (full 31):
 PSYoungGen      total 601088K, used 64K [0x0000000580100000, 0x00000005a9f80000, 0x0000000800000000)
  eden space 515584K, 0% used [0x0000000580100000,0x0000000580100000,0x000000059f880000)
  from space 85504K, 0% used [0x000000059f880000,0x000000059f890000,0x00000005a4c00000)
  to   space 85504K, 0% used [0x00000005a4c00000,0x00000005a4c00000,0x00000005a9f80000)
 ParOldGen       total 1373696K, used 462K [0x0000000080200000, 0x00000000d3f80000, 0x0000000580100000)
  object space 1373696K, 0% used [0x0000000080200000,0x0000000080273bf0,0x00000000d3f80000)
 Metaspace       used 3775K, capacity 4494K, committed 4864K, reserved 1056768K
  class space    used 366K, capacity 386K, committed 512K, reserved 1048576K
Event: 794.744 GC heap after
Heap after GC invocations=62 (full 31):
 PSYoungGen      total 601088K, used 0K [0x0000000580100000, 0x00000005a9f80000, 0x0000000800000000)
  eden space 515584K, 0% used [0x0000000580100000,0x0000000580100000,0x000000059f880000)
  from space 85504K, 0% used [0x000000059f880000,0x000000059f880000,0x00000005a4c00000)
  to   space 85504K, 0% used [0x00000005a4c00000,0x00000005a4c00000,0x00000005a9f80000)
 ParOldGen       total 1373696K, used 462K [0x0000000080200000, 0x00000000d3f80000, 0x0000000580100000)
  object space 1373696K, 0% used [0x0000000080200000,0x0000000080273bf0,0x00000000d3f80000)
 Metaspace       used 3775K, capacity 4494K, committed 4864K, reserved 1056768K
  class space    used 366K, capacity 386K, committed 512K, reserved 1048576K
}
Event: 795.291 GC heap before
{Heap before GC invocations=63 (full 31):
 PSYoungGen      total 601088K, used 10311K [0x0000000580100000, 0x00000005a9f80000, 0x0000000800000000)
  eden space 515584K, 2% used [0x0000000580100000,0x0000000580b11ec8,0x000000059f880000)
  from space 85504K, 0% used [0x000000059f880000,0x000000059f880000,0x00000005a4c00000)
  to   space 85504K, 0% used [0x00000005a4c00000,0x00000005a4c00000,0x00000005a9f80000)
 ParOldGen       total 1373696K, used 462K [0x0000000080200000, 0x00000000d3f80000, 0x0000000580100000)
  object space 1373696K, 0% used [0x0000000080200000,0x0000000080273bf0,0x00000000d3f80000)
 Metaspace       used 3775K, capacity 4494K, committed 4864K, reserved 1056768K
  class space    used 366K, capacity 386K, committed 512K, reserved 1048576K
Event: 795.294 GC heap after
Heap after GC invocations=63 (full 31):
 PSYoungGen      total 601088K, used 64K [0x0000000580100000, 0x00000005a9f80000, 0x0000000800000000)
  eden space 515584K, 0% used [0x0000000580100000,0x0000000580100000,0x000000059f880000)
  from space 85504K, 0% used [0x00000005a4c00000,0x00000005a4c10000,0x00000005a9f80000)
  to   space 85504K, 0% used [0x000000059f880000,0x000000059f880000,0x00000005a4c00000)
 ParOldGen       total 1373696K, used 462K [0x0000000080200000, 0x00000000d3f80000, 0x0000000580100000)
  object space 1373696K, 0% used [0x0000000080200000,0x0000000080273bf0,0x00000000d3f80000)
 Metaspace       used 3775K, capacity 4494K, committed 4864K, reserved 1056768K
  class space    used 366K, capacity 386K, committed 512K, reserved 1048576K
}
Event: 795.294 GC heap before
{Heap before GC invocations=64 (full 32):
 PSYoungGen      total 601088K, used 64K [0x0000000580100000, 0x00000005a9f80000, 0x0000000800000000)
  eden space 515584K, 0% used [0x0000000580100000,0x0000000580100000,0x000000059f880000)
  from space 85504K, 0% used [0x00000005a4c00000,0x00000005a4c10000,0x00000005a9f80000)
  to   space 85504K, 0% used [0x000000059f880000,0x000000059f880000,0x00000005a4c00000)
 ParOldGen       total 1373696K, used 462K [0x0000000080200000, 0x00000000d3f80000, 0x0000000580100000)
  object space 1373696K, 0% used [0x0000000080200000,0x0000000080273bf0,0x00000000d3f80000)
 Metaspace       used 3775K, capacity 4494K, committed 4864K, reserved 1056768K
  class space    used 366K, capacity 386K, committed 512K, reserved 1048576K
Event: 795.315 GC heap after
Heap after GC invocations=64 (full 32):
 PSYoungGen      total 601088K, used 0K [0x0000000580100000, 0x00000005a9f80000, 0x0000000800000000)
  eden space 515584K, 0% used [0x0000000580100000,0x0000000580100000,0x000000059f880000)
  from space 85504K, 0% used [0x00000005a4c00000,0x00000005a4c00000,0x00000005a9f80000)
  to   space 85504K, 0% used [0x000000059f880000,0x000000059f880000,0x00000005a4c00000)
 ParOldGen       total 1373696K, used 462K [0x0000000080200000, 0x00000000d3f80000, 0x0000000580100000)
  object space 1373696K, 0% used [0x0000000080200000,0x0000000080273bf0,0x00000000d3f80000)
 Metaspace       used 3775K, capacity 4494K, committed 4864K, reserved 1056768K
  class space    used 366K, capacity 386K, committed 512K, reserved 1048576K
}
Event: 1225.273 GC heap before
{Heap before GC invocations=65 (full 32):
 PSYoungGen      total 601088K, used 10311K [0x0000000580100000, 0x00000005a9f80000, 0x0000000800000000)
  eden space 515584K, 2% used [0x0000000580100000,0x0000000580b11ec8,0x000000059f880000)
  from space 85504K, 0% used [0x00000005a4c00000,0x00000005a4c00000,0x00000005a9f80000)
  to   space 85504K, 0% used [0x000000059f880000,0x000000059f880000,0x00000005a4c00000)
 ParOldGen       total 1373696K, used 462K [0x0000000080200000, 0x00000000d3f80000, 0x0000000580100000)
  object space 1373696K, 0% used [0x0000000080200000,0x0000000080273bf0,0x00000000d3f80000)
 Metaspace       used 3775K, capacity 4494K, committed 4864K, reserved 1056768K
  class space    used 366K, capacity 386K, committed 512K, reserved 1048576K
Event: 1225.277 GC heap after
Heap after GC invocations=65 (full 32):
 PSYoungGen      total 601088K, used 32K [0x0000000580100000, 0x00000005a9f80000, 0x0000000800000000)
  eden space 515584K, 0% used [0x0000000580100000,0x0000000580100000,0x000000059f880000)
  from space 85504K, 0% used [0x000000059f880000,0x000000059f888000,0x00000005a4c00000)
  to   space 85504K, 0% used [0x00000005a4c00000,0x00000005a4c00000,0x00000005a9f80000)
 ParOldGen       total 1373696K, used 462K [0x0000000080200000, 0x00000000d3f80000, 0x0000000580100000)
  object space 1373696K, 0% used [0x0000000080200000,0x0000000080273bf0,0x00000000d3f80000)
 Metaspace       used 3775K, capacity 4494K, committed 4864K, reserved 1056768K
  class space    used 366K, capacity 386K, committed 512K, reserved 1048576K
}
Event: 1225.277 GC heap before
{Heap before GC invocations=66 (full 33):
 PSYoungGen      total 601088K, used 32K [0x0000000580100000, 0x00000005a9f80000, 0x0000000800000000)
  eden space 515584K, 0% used [0x0000000580100000,0x0000000580100000,0x000000059f880000)
  from space 85504K, 0% used [0x000000059f880000,0x000000059f888000,0x00000005a4c00000)
  to   space 85504K, 0% used [0x00000005a4c00000,0x00000005a4c00000,0x00000005a9f80000)
 ParOldGen       total 1373696K, used 462K [0x0000000080200000, 0x00000000d3f80000, 0x0000000580100000)
  object space 1373696K, 0% used [0x0000000080200000,0x0000000080273bf0,0x00000000d3f80000)
 Metaspace       used 3775K, capacity 4494K, committed 4864K, reserved 1056768K
  class space    used 366K, capacity 386K, committed 512K, reserved 1048576K
Event: 1225.291 GC heap after
Heap after GC invocations=66 (full 33):
 PSYoungGen      total 601088K, used 0K [0x0000000580100000, 0x00000005a9f80000, 0x0000000800000000)
  eden space 515584K, 0% used [0x0000000580100000,0x0000000580100000,0x000000059f880000)
  from space 85504K, 0% used [0x000000059f880000,0x000000059f880000,0x00000005a4c00000)
  to   space 85504K, 0% used [0x00000005a4c00000,0x00000005a4c00000,0x00000005a9f80000)
 ParOldGen       total 1373696K, used 462K [0x0000000080200000, 0x00000000d3f80000, 0x0000000580100000)
  object space 1373696K, 0% used [0x0000000080200000,0x0000000080273bf0,0x00000000d3f80000)
 Metaspace       used 3775K, capacity 4494K, committed 4864K, reserved 1056768K
  class space    used 366K, capacity 386K, committed 512K, reserved 1048576K
}
Event: 1453.201 GC heap before
{Heap before GC invocations=67 (full 33):
 PSYoungGen      total 601088K, used 10311K [0x0000000580100000, 0x00000005a9f80000, 0x0000000800000000)
  eden space 515584K, 2% used [0x0000000580100000,0x0000000580b11ec8,0x000000059f880000)
  from space 85504K, 0% used [0x000000059f880000,0x000000059f880000,0x00000005a4c00000)
  to   space 85504K, 0% used [0x00000005a4c00000,0x00000005a4c00000,0x00000005a9f80000)
 ParOldGen       total 1373696K, used 462K [0x0000000080200000, 0x00000000d3f80000, 0x0000000580100000)
  object space 1373696K, 0% used [0x0000000080200000,0x0000000080273bf0,0x00000000d3f80000)
 Metaspace       used 3775K, capacity 4494K, committed 4864K, reserved 1056768K
  class space    used 366K, capacity 386K, committed 512K, reserved 1048576K
Event: 1453.206 GC heap after
Heap after GC invocations=67 (full 33):
 PSYoungGen      total 601088K, used 64K [0x0000000580100000, 0x00000005a9f80000, 0x0000000800000000)
  eden space 515584K, 0% used [0x0000000580100000,0x0000000580100000,0x000000059f880000)
  from space 85504K, 0% used [0x00000005a4c00000,0x00000005a4c10000,0x00000005a9f80000)
  to   space 85504K, 0% used [0x000000059f880000,0x000000059f880000,0x00000005a4c00000)
 ParOldGen       total 1373696K, used 462K [0x0000000080200000, 0x00000000d3f80000, 0x0000000580100000)
  object space 1373696K, 0% used [0x0000000080200000,0x0000000080273bf0,0x00000000d3f80000)
 Metaspace       used 3775K, capacity 4494K, committed 4864K, reserved 1056768K
  class space    used 366K, capacity 386K, committed 512K, reserved 1048576K
}
Event: 1453.206 GC heap before
{Heap before GC invocations=68 (full 34):
 PSYoungGen      total 601088K, used 64K [0x0000000580100000, 0x00000005a9f80000, 0x0000000800000000)
  eden space 515584K, 0% used [0x0000000580100000,0x0000000580100000,0x000000059f880000)
  from space 85504K, 0% used [0x00000005a4c00000,0x00000005a4c10000,0x00000005a9f80000)
  to   space 85504K, 0% used [0x000000059f880000,0x000000059f880000,0x00000005a4c00000)
 ParOldGen       total 1373696K, used 462K [0x0000000080200000, 0x00000000d3f80000, 0x0000000580100000)
  object space 1373696K, 0% used [0x0000000080200000,0x0000000080273bf0,0x00000000d3f80000)
 Metaspace       used 3775K, capacity 4494K, committed 4864K, reserved 1056768K
  class space    used 366K, capacity 386K, committed 512K, reserved 1048576K
Event: 1453.220 GC heap after
Heap after GC invocations=68 (full 34):
 PSYoungGen      total 601088K, used 0K [0x0000000580100000, 0x00000005a9f80000, 0x0000000800000000)
  eden space 515584K, 0% used [0x0000000580100000,0x0000000580100000,0x000000059f880000)
  from space 85504K, 0% used [0x00000005a4c00000,0x00000005a4c00000,0x00000005a9f80000)
  to   space 85504K, 0% used [0x000000059f880000,0x000000059f880000,0x00000005a4c00000)
 ParOldGen       total 1373696K, used 462K [0x0000000080200000, 0x00000000d3f80000, 0x0000000580100000)
  object space 1373696K, 0% used [0x0000000080200000,0x0000000080273bf0,0x00000000d3f80000)
 Metaspace       used 3775K, capacity 4494K, committed 4864K, reserved 1056768K
  class space    used 366K, capacity 386K, committed 512K, reserved 1048576K
}
Event: 1454.082 GC heap before
{Heap before GC invocations=69 (full 34):
 PSYoungGen      total 601088K, used 10311K [0x0000000580100000, 0x00000005a9f80000, 0x0000000800000000)
  eden space 515584K, 2% used [0x0000000580100000,0x0000000580b11ec8,0x000000059f880000)
  from space 85504K, 0% used [0x00000005a4c00000,0x00000005a4c00000,0x00000005a9f80000)
  to   space 85504K, 0% used [0x000000059f880000,0x000000059f880000,0x00000005a4c00000)
 ParOldGen       total 1373696K, used 462K [0x0000000080200000, 0x00000000d3f80000, 0x0000000580100000)
  object space 1373696K, 0% used [0x0000000080200000,0x0000000080273bf0,0x00000000d3f80000)
 Metaspace       used 3775K, capacity 4494K, committed 4864K, reserved 1056768K
  class space    used 366K, capacity 386K, committed 512K, reserved 1048576K
Event: 1454.086 GC heap after
Heap after GC invocations=69 (full 34):
 PSYoungGen      total 601088K, used 64K [0x0000000580100000, 0x00000005a9f80000, 0x0000000800000000)
  eden space 515584K, 0% used [0x0000000580100000,0x0000000580100000,0x000000059f880000)
  from space 85504K, 0% used [0x000000059f880000,0x000000059f890000,0x00000005a4c00000)
  to   space 85504K, 0% used [0x00000005a4c00000,0x00000005a4c00000,0x00000005a9f80000)
 ParOldGen       total 1373696K, used 462K [0x0000000080200000, 0x00000000d3f80000, 0x0000000580100000)
  object space 1373696K, 0% used [0x0000000080200000,0x0000000080273bf0,0x00000000d3f80000)
 Metaspace       used 3775K, capacity 4494K, committed 4864K, reserved 1056768K
  class space    used 366K, capacity 386K, committed 512K, reserved 1048576K
}
Event: 1454.086 GC heap before
{Heap before GC invocations=70 (full 35):
 PSYoungGen      total 601088K, used 64K [0x0000000580100000, 0x00000005a9f80000, 0x0000000800000000)
  eden space 515584K, 0% used [0x0000000580100000,0x0000000580100000,0x000000059f880000)
  from space 85504K, 0% used [0x000000059f880000,0x000000059f890000,0x00000005a4c00000)
  to   space 85504K, 0% used [0x00000005a4c00000,0x00000005a4c00000,0x00000005a9f80000)
 ParOldGen       total 1373696K, used 462K [0x0000000080200000, 0x00000000d3f80000, 0x0000000580100000)
  object space 1373696K, 0% used [0x0000000080200000,0x0000000080273bf0,0x00000000d3f80000)
 Metaspace       used 3775K, capacity 4494K, committed 4864K, reserved 1056768K
  class space    used 366K, capacity 386K, committed 512K, reserved 1048576K
Event: 1454.100 GC heap after
Heap after GC invocations=70 (full 35):
 PSYoungGen      total 601088K, used 0K [0x0000000580100000, 0x00000005a9f80000, 0x0000000800000000)
  eden space 515584K, 0% used [0x0000000580100000,0x0000000580100000,0x000000059f880000)
  from space 85504K, 0% used [0x000000059f880000,0x000000059f880000,0x00000005a4c00000)
  to   space 85504K, 0% used [0x00000005a4c00000,0x00000005a4c00000,0x00000005a9f80000)
 ParOldGen       total 1373696K, used 462K [0x0000000080200000, 0x00000000d3f80000, 0x0000000580100000)
  object space 1373696K, 0% used [0x0000000080200000,0x0000000080273bf0,0x00000000d3f80000)
 Metaspace       used 3775K, capacity 4494K, committed 4864K, reserved 1056768K
  class space    used 366K, capacity 386K, committed 512K, reserved 1048576K
}
Event: 1465.017 GC heap before
{Heap before GC invocations=71 (full 35):
 PSYoungGen      total 601088K, used 10311K [0x0000000580100000, 0x00000005a9f80000, 0x0000000800000000)
  eden space 515584K, 2% used [0x0000000580100000,0x0000000580b11ec8,0x000000059f880000)
  from space 85504K, 0% used [0x000000059f880000,0x000000059f880000,0x00000005a4c00000)
  to   space 85504K, 0% used [0x00000005a4c00000,0x00000005a4c00000,0x00000005a9f80000)
 ParOldGen       total 1373696K, used 462K [0x0000000080200000, 0x00000000d3f80000, 0x0000000580100000)
  object space 1373696K, 0% used [0x0000000080200000,0x0000000080273bf0,0x00000000d3f80000)
 Metaspace       used 3776K, capacity 4494K, committed 4864K, reserved 1056768K
  class space    used 366K, capacity 386K, committed 512K, reserved 1048576K
Event: 1465.019 GC heap after
Heap after GC invocations=71 (full 35):
 PSYoungGen      total 601088K, used 32K [0x0000000580100000, 0x00000005a9f80000, 0x0000000800000000)
  eden space 515584K, 0% used [0x0000000580100000,0x0000000580100000,0x000000059f880000)
  from space 85504K, 0% used [0x00000005a4c00000,0x00000005a4c08000,0x00000005a9f80000)
  to   space 85504K, 0% used [0x000000059f880000,0x000000059f880000,0x00000005a4c00000)
 ParOldGen       total 1373696K, used 462K [0x0000000080200000, 0x00000000d3f80000, 0x0000000580100000)
  object space 1373696K, 0% used [0x0000000080200000,0x0000000080273bf0,0x00000000d3f80000)
 Metaspace       used 3776K, capacity 4494K, committed 4864K, reserved 1056768K
  class space    used 366K, capacity 386K, committed 512K, reserved 1048576K
}
Event: 1465.019 GC heap before
{Heap before GC invocations=72 (full 36):
 PSYoungGen      total 601088K, used 32K [0x0000000580100000, 0x00000005a9f80000, 0x0000000800000000)
  eden space 515584K, 0% used [0x0000000580100000,0x0000000580100000,0x000000059f880000)
  from space 85504K, 0% used [0x00000005a4c00000,0x00000005a4c08000,0x00000005a9f80000)
  to   space 85504K, 0% used [0x000000059f880000,0x000000059f880000,0x00000005a4c00000)
 ParOldGen       total 1373696K, used 462K [0x0000000080200000, 0x00000000d3f80000, 0x0000000580100000)
  object space 1373696K, 0% used [0x0000000080200000,0x0000000080273bf0,0x00000000d3f80000)
 Metaspace       used 3776K, capacity 4494K, committed 4864K, reserved 1056768K
  class space    used 366K, capacity 386K, committed 512K, reserved 1048576K
Event: 1465.033 GC heap after
Heap after GC invocations=72 (full 36):
 PSYoungGen      total 601088K, used 0K [0x0000000580100000, 0x00000005a9f80000, 0x0000000800000000)
  eden space 515584K, 0% used [0x0000000580100000,0x0000000580100000,0x000000059f880000)
  from space 85504K, 0% used [0x00000005a4c00000,0x00000005a4c00000,0x00000005a9f80000)
  to   space 85504K, 0% used [0x000000059f880000,0x000000059f880000,0x00000005a4c00000)
 ParOldGen       total 1373696K, used 462K [0x0000000080200000, 0x00000000d3f80000, 0x0000000580100000)
  object space 1373696K, 0% used [0x0000000080200000,0x0000000080273bf0,0x00000000d3f80000)
 Metaspace       used 3776K, capacity 4494K, committed 4864K, reserved 1056768K
  class space    used 366K, capacity 386K, committed 512K, reserved 1048576K
}
Event: 1666.262 GC heap before
{Heap before GC invocations=73 (full 36):
 PSYoungGen      total 601088K, used 20623K [0x0000000580100000, 0x00000005a9f80000, 0x0000000800000000)
  eden space 515584K, 4% used [0x0000000580100000,0x0000000581523d90,0x000000059f880000)
  from space 85504K, 0% used [0x00000005a4c00000,0x00000005a4c00000,0x00000005a9f80000)
  to   space 85504K, 0% used [0x000000059f880000,0x000000059f880000,0x00000005a4c00000)
 ParOldGen       total 1373696K, used 462K [0x0000000080200000, 0x00000000d3f80000, 0x0000000580100000)
  object space 1373696K, 0% used [0x0000000080200000,0x0000000080273bf0,0x00000000d3f80000)
 Metaspace       used 3776K, capacity 4494K, committed 4864K, reserved 1056768K
  class space    used 366K, capacity 386K, committed 512K, reserved 1048576K
Event: 1666.266 GC heap after
Heap after GC invocations=73 (full 36):
 PSYoungGen      total 601088K, used 64K [0x0000000580100000, 0x00000005a9f80000, 0x0000000800000000)
  eden space 515584K, 0% used [0x0000000580100000,0x0000000580100000,0x000000059f880000)
  from space 85504K, 0% used [0x000000059f880000,0x000000059f890000,0x00000005a4c00000)
  to   space 85504K, 0% used [0x00000005a4c00000,0x00000005a4c00000,0x00000005a9f80000)
 ParOldGen       total 1373696K, used 470K [0x0000000080200000, 0x00000000d3f80000, 0x0000000580100000)
  object space 1373696K, 0% used [0x0000000080200000,0x0000000080275bf0,0x00000000d3f80000)
 Metaspace       used 3776K, capacity 4494K, committed 4864K, reserved 1056768K
  class space    used 366K, capacity 386K, committed 512K, reserved 1048576K
}
Event: 1666.266 GC heap before
{Heap before GC invocations=74 (full 37):
 PSYoungGen      total 601088K, used 64K [0x0000000580100000, 0x00000005a9f80000, 0x0000000800000000)
  eden space 515584K, 0% used [0x0000000580100000,0x0000000580100000,0x000000059f880000)
  from space 85504K, 0% used [0x000000059f880000,0x000000059f890000,0x00000005a4c00000)
  to   space 85504K, 0% used [0x00000005a4c00000,0x00000005a4c00000,0x00000005a9f80000)
 ParOldGen       total 1373696K, used 470K [0x0000000080200000, 0x00000000d3f80000, 0x0000000580100000)
  object space 1373696K, 0% used [0x0000000080200000,0x0000000080275bf0,0x00000000d3f80000)
 Metaspace       used 3776K, capacity 4494K, committed 4864K, reserved 1056768K
  class space    used 366K, capacity 386K, committed 512K, reserved 1048576K
Event: 1666.281 GC heap after
Heap after GC invocations=74 (full 37):
 PSYoungGen      total 601088K, used 0K [0x0000000580100000, 0x00000005a9f80000, 0x0000000800000000)
  eden space 515584K, 0% used [0x0000000580100000,0x0000000580100000,0x000000059f880000)
  from space 85504K, 0% used [0x000000059f880000,0x000000059f880000,0x00000005a4c00000)
  to   space 85504K, 0% used [0x00000005a4c00000,0x00000005a4c00000,0x00000005a9f80000)
 ParOldGen       total 1373696K, used 463K [0x0000000080200000, 0x00000000d3f80000, 0x0000000580100000)
  object space 1373696K, 0% used [0x0000000080200000,0x0000000080273c48,0x00000000d3f80000)
 Metaspace       used 3776K, capacity 4494K, committed 4864K, reserved 1056768K
  class space    used 366K, capacity 386K, committed 512K, reserved 1048576K
}
Event: 1681.143 GC heap before
{Heap before GC invocations=75 (full 37):
 PSYoungGen      total 601088K, used 10311K [0x0000000580100000, 0x00000005a9f80000, 0x0000000800000000)
  eden space 515584K, 2% used [0x0000000580100000,0x0000000580b11ec8,0x000000059f880000)
  from space 85504K, 0% used [0x000000059f880000,0x000000059f880000,0x00000005a4c00000)
  to   space 85504K, 0% used [0x00000005a4c00000,0x00000005a4c00000,0x00000005a9f80000)
 ParOldGen       total 1373696K, used 463K [0x0000000080200000, 0x00000000d3f80000, 0x0000000580100000)
  object space 1373696K, 0% used [0x0000000080200000,0x0000000080273c48,0x00000000d3f80000)
 Metaspace       used 3777K, capacity 4494K, committed 4864K, reserved 1056768K
  class space    used 366K, capacity 386K, committed 512K, reserved 1048576K
Event: 1681.147 GC heap after
Heap after GC invocations=75 (full 37):
 PSYoungGen      total 601088K, used 422K [0x0000000580100000, 0x00000005a9f80000, 0x0000000800000000)
  eden space 515584K, 0% used [0x0000000580100000,0x0000000580100000,0x000000059f880000)
  from space 85504K, 0% used [0x00000005a4c00000,0x00000005a4c69a90,0x00000005a9f80000)
  to   space 85504K, 0% used [0x000000059f880000,0x000000059f880000,0x00000005a4c00000)
 ParOldGen       total 1373696K, used 463K [0x0000000080200000, 0x00000000d3f80000, 0x0000000580100000)
  object space 1373696K, 0% used [0x0000000080200000,0x0000000080273c48,0x00000000d3f80000)
 Metaspace       used 3777K, capacity 4494K, committed 4864K, reserved 1056768K
  class space    used 366K, capacity 386K, committed 512K, reserved 1048576K
}
Event: 1681.147 GC heap before
{Heap before GC invocations=76 (full 38):
 PSYoungGen      total 601088K, used 422K [0x0000000580100000, 0x00000005a9f80000, 0x0000000800000000)
  eden space 515584K, 0% used [0x0000000580100000,0x0000000580100000,0x000000059f880000)
  from space 85504K, 0% used [0x00000005a4c00000,0x00000005a4c69a90,0x00000005a9f80000)
  to   space 85504K, 0% used [0x000000059f880000,0x000000059f880000,0x00000005a4c00000)
 ParOldGen       total 1373696K, used 463K [0x0000000080200000, 0x00000000d3f80000, 0x0000000580100000)
  object space 1373696K, 0% used [0x0000000080200000,0x0000000080273c48,0x00000000d3f80000)
 Metaspace       used 3777K, capacity 4494K, committed 4864K, reserved 1056768K
  class space    used 366K, capacity 386K, committed 512K, reserved 1048576K
Event: 1681.162 GC heap after
Heap after GC invocations=76 (full 38):
 PSYoungGen      total 601088K, used 0K [0x0000000580100000, 0x00000005a9f80000, 0x0000000800000000)
  eden space 515584K, 0% used [0x0000000580100000,0x0000000580100000,0x000000059f880000)
  from space 85504K, 0% used [0x00000005a4c00000,0x00000005a4c00000,0x00000005a9f80000)
  to   space 85504K, 0% used [0x000000059f880000,0x000000059f880000,0x00000005a4c00000)
 ParOldGen       total 1373696K, used 814K [0x0000000080200000, 0x00000000d3f80000, 0x0000000580100000)
  object space 1373696K, 0% used [0x0000000080200000,0x00000000802cbaf0,0x00000000d3f80000)
 Metaspace       used 3777K, capacity 4494K, committed 4864K, reserved 1056768K
  class space    used 366K, capacity 386K, committed 512K, reserved 1048576K
}

